#
# There is insufficient memory for the Java Runtime Environment to continue.
# Native memory allocation (malloc) failed to allocate 156816 bytes for Chunk::new
# Possible reasons:
#   The system is out of physical RAM or swap space
#   The process is running with CompressedOops enabled, and the Java Heap may be blocking the growth of the native heap
# Possible solutions:
#   Reduce memory load on the system
#   Increase physical memory or swap space
#   Check if swap backing store is full
#   Decrease Java heap size (-Xmx/-Xms)
#   Decrease number of Java threads
#   Decrease Java thread stack sizes (-Xss)
#   Set larger code cache with -XX:ReservedCodeCacheSize=
#   JVM is running with Unscaled Compressed Oops mode in which the Java heap is
#     placed in the first 4GB address space. The Java Heap base address is the
#     maximum limit for the native heap growth. Please use -XX:HeapBaseMinAddress
#     to set the Java Heap base and to place the Java Heap above 4GB virtual address.
# This output file may be truncated or incomplete.
#
#  Out of Memory Error (arena.cpp:197), pid=7792, tid=15012
#
# JRE version: OpenJDK Runtime Environment Corretto-11.0.28.6.1 (11.0.28+6) (build 11.0.28+6-LTS)
# Java VM: OpenJDK 64-Bit Server VM Corretto-11.0.28.6.1 (11.0.28+6-LTS, mixed mode, tiered, compressed oops, g1 gc, windows-amd64)
# No core dump will be written. Minidumps are not enabled by default on client versions of Windows
#

---------------  S U M M A R Y ------------

Command Line: --add-opens=java.base/java.util=ALL-UNNAMED --add-opens=java.base/java.lang=ALL-UNNAMED --add-opens=java.base/java.lang.invoke=ALL-UNNAMED --add-opens=java.prefs/java.util.prefs=ALL-UNNAMED --add-opens=java.base/java.nio.charset=ALL-UNNAMED --add-opens=java.base/java.net=ALL-UNNAMED --add-opens=java.base/java.util.concurrent.atomic=ALL-UNNAMED -XX:MaxMetaspaceSize=384m -XX:+HeapDumpOnOutOfMemoryError -Xms256m -Xmx512m -Dfile.encoding=UTF-8 -Duser.country=RU -Duser.language=ru -Duser.variant -javaagent:C:\Users\user\.gradle\wrapper\dists\gradle-8.8-bin\dl7vupf4psengwqhwktix4v1\gradle-8.8\lib\agents\gradle-instrumentation-agent-8.8.jar org.gradle.launcher.daemon.bootstrap.GradleDaemon 8.8

Host: Intel(R) Core(TM) i3-1005G1 CPU @ 1.20GHz, 4 cores, 7G,  Windows 10 , 64 bit Build 19041 (10.0.19041.5915)
Time: Thu Dec  4 19:00:19 2025 RTZ 2 (s 10 , 64 bit Build 19041 (10.0.19041.5915) elapsed time: 31.448960 seconds (0d 0h 0m 31s)

---------------  T H R E A D  ---------------

Current thread (0x000002b7832f5800):  JavaThread "C2 CompilerThread1" daemon [_thread_in_native, id=15012, stack(0x000000d567a00000,0x000000d567b00000)]


Current CompileTask:
C2:  31449 8358       4       org.apache.commons.compress.archivers.zip.ZipArchiveOutputStream::createLocalFileHeader (528 bytes)

Stack: [0x000000d567a00000,0x000000d567b00000]
Native frames: (J=compiled Java code, j=interpreted, Vv=VM code, C=native code)
V  [jvm.dll+0x6464ca]
V  [jvm.dll+0x7dad19]
V  [jvm.dll+0x7dc419]
V  [jvm.dll+0x7dcb03]
V  [jvm.dll+0x269e15]
V  [jvm.dll+0xc21dc]
V  [jvm.dll+0xc278c]
V  [jvm.dll+0x37a307]
V  [jvm.dll+0x1b3c42]
V  [jvm.dll+0x221fbf]
V  [jvm.dll+0x220e78]
V  [jvm.dll+0x19ea61]
V  [jvm.dll+0x230d29]
V  [jvm.dll+0x22ee9f]
V  [jvm.dll+0x79bf41]
V  [jvm.dll+0x794c14]
V  [jvm.dll+0x645285]
C  [ucrtbase.dll+0x21bb2]
C  [KERNEL32.DLL+0x17374]
C  [ntdll.dll+0x4cc91]


---------------  P R O C E S S  ---------------

Threads class SMR info:
_java_thread_list=0x000002b78631cb40, length=47, elements={
0x000002b7e4f4f800, 0x000002b7fff0c800, 0x000002b78080c000, 0x000002b780858000,
0x000002b78085c000, 0x000002b78085d800, 0x000002b78085e800, 0x000002b780861800,
0x000002b7808cd800, 0x000002b7ffec7800, 0x000002b782dc9800, 0x000002b780bef000,
0x000002b78194d800, 0x000002b78194e800, 0x000002b7831a2800, 0x000002b78118b800,
0x000002b78302a800, 0x000002b78302b000, 0x000002b78124b000, 0x000002b782c0d800,
0x000002b782c0a800, 0x000002b782c0e800, 0x000002b782c0d000, 0x000002b782c0b000,
0x000002b782c0f800, 0x000002b782c09800, 0x000002b782c10000, 0x000002b782c0c000,
0x000002b7835b6800, 0x000002b7835b8800, 0x000002b7835b7800, 0x000002b7835b9000,
0x000002b7835ba000, 0x000002b7835ba800, 0x000002b780afa800, 0x000002b780afb800,
0x000002b780afd000, 0x000002b780af7000, 0x000002b780afe000, 0x000002b780afe800,
0x000002b780af9000, 0x000002b780b03800, 0x000002b780b04800, 0x000002b780b05000,
0x000002b780b01000, 0x000002b780aff800, 0x000002b7832f5800
}

Java Threads: ( => current thread )
  0x000002b7e4f4f800 JavaThread "main" [_thread_blocked, id=17148, stack(0x000000d564200000,0x000000d564300000)]
  0x000002b7fff0c800 JavaThread "Reference Handler" daemon [_thread_blocked, id=13544, stack(0x000000d564900000,0x000000d564a00000)]
  0x000002b78080c000 JavaThread "Finalizer" daemon [_thread_blocked, id=3608, stack(0x000000d564a00000,0x000000d564b00000)]
  0x000002b780858000 JavaThread "Signal Dispatcher" daemon [_thread_blocked, id=11440, stack(0x000000d564b00000,0x000000d564c00000)]
  0x000002b78085c000 JavaThread "Attach Listener" daemon [_thread_blocked, id=2244, stack(0x000000d564c00000,0x000000d564d00000)]
  0x000002b78085d800 JavaThread "Service Thread" daemon [_thread_blocked, id=17868, stack(0x000000d564d00000,0x000000d564e00000)]
  0x000002b78085e800 JavaThread "C2 CompilerThread0" daemon [_thread_in_native, id=6704, stack(0x000000d564e00000,0x000000d564f00000)]
  0x000002b780861800 JavaThread "C1 CompilerThread0" daemon [_thread_blocked, id=9264, stack(0x000000d564f00000,0x000000d565000000)]
  0x000002b7808cd800 JavaThread "Sweeper thread" daemon [_thread_blocked, id=11728, stack(0x000000d565000000,0x000000d565100000)]
  0x000002b7ffec7800 JavaThread "Common-Cleaner" daemon [_thread_blocked, id=15420, stack(0x000000d565100000,0x000000d565200000)]
  0x000002b782dc9800 JavaThread "Daemon health stats" [_thread_blocked, id=5256, stack(0x000000d565700000,0x000000d565800000)]
  0x000002b780bef000 JavaThread "Incoming local TCP Connector on port 51158" [_thread_in_native, id=11016, stack(0x000000d565300000,0x000000d565400000)]
  0x000002b78194d800 JavaThread "Daemon periodic checks" [_thread_blocked, id=16556, stack(0x000000d565800000,0x000000d565900000)]
  0x000002b78194e800 JavaThread "Daemon" [_thread_blocked, id=18452, stack(0x000000d565900000,0x000000d565a00000)]
  0x000002b7831a2800 JavaThread "Handler for socket connection from /127.0.0.1:51158 to /127.0.0.1:51159" [_thread_in_native, id=6900, stack(0x000000d565a00000,0x000000d565b00000)]
  0x000002b78118b800 JavaThread "Cancel handler" [_thread_blocked, id=15620, stack(0x000000d565b00000,0x000000d565c00000)]
  0x000002b78302a800 JavaThread "Daemon worker" [_thread_blocked, id=12552, stack(0x000000d565c00000,0x000000d565d00000)]
  0x000002b78302b000 JavaThread "Asynchronous log dispatcher for DefaultDaemonConnection: socket connection from /127.0.0.1:51158 to /127.0.0.1:51159" [_thread_blocked, id=18064, stack(0x000000d565d00000,0x000000d565e00000)]
  0x000002b78124b000 JavaThread "Stdin handler" [_thread_blocked, id=2316, stack(0x000000d565e00000,0x000000d565f00000)]
  0x000002b782c0d800 JavaThread "Daemon client event forwarder" [_thread_blocked, id=15612, stack(0x000000d565f00000,0x000000d566000000)]
  0x000002b782c0a800 JavaThread "Cache worker for journal cache (C:\Users\user\.gradle\caches\journal-1)" [_thread_blocked, id=15536, stack(0x000000d566000000,0x000000d566100000)]
  0x000002b782c0e800 JavaThread "File lock request listener" [_thread_in_native, id=14384, stack(0x000000d566100000,0x000000d566200000)]
  0x000002b782c0d000 JavaThread "Cache worker for file hash cache (C:\Users\user\.gradle\caches\8.8\fileHashes)" [_thread_blocked, id=3344, stack(0x000000d566200000,0x000000d566300000)]
  0x000002b782c0b000 JavaThread "Cache worker for file hash cache (C:\Users\user\IdeaProjects\MobileBankApiTest\.gradle\8.8\fileHashes)" [_thread_blocked, id=7028, stack(0x000000d566400000,0x000000d566500000)]
  0x000002b782c0f800 JavaThread "File watcher server" daemon [_thread_in_native, id=16724, stack(0x000000d566500000,0x000000d566600000)]
  0x000002b782c09800 JavaThread "File watcher consumer" daemon [_thread_blocked, id=2868, stack(0x000000d566600000,0x000000d566700000)]
  0x000002b782c10000 JavaThread "jar transforms" [_thread_blocked, id=12192, stack(0x000000d566300000,0x000000d566400000)]
  0x000002b782c0c000 JavaThread "jar transforms Thread 2" [_thread_blocked, id=17500, stack(0x000000d566700000,0x000000d566800000)]
  0x000002b7835b6800 JavaThread "jar transforms Thread 3" [_thread_blocked, id=1120, stack(0x000000d566800000,0x000000d566900000)]
  0x000002b7835b8800 JavaThread "jar transforms Thread 4" [_thread_blocked, id=5876, stack(0x000000d566900000,0x000000d566a00000)]
  0x000002b7835b7800 JavaThread "Cache worker for checksums cache (C:\Users\user\IdeaProjects\MobileBankApiTest\.gradle\8.8\checksums)" [_thread_blocked, id=11968, stack(0x000000d566b00000,0x000000d566c00000)]
  0x000002b7835b9000 JavaThread "Cache worker for file content cache (C:\Users\user\.gradle\caches\8.8\fileContent)" [_thread_blocked, id=16688, stack(0x000000d566c00000,0x000000d566d00000)]
  0x000002b7835ba000 JavaThread "Cache worker for cache directory md-rule (C:\Users\user\.gradle\caches\8.8\md-rule)" [_thread_blocked, id=11364, stack(0x000000d566d00000,0x000000d566e00000)]
  0x000002b7835ba800 JavaThread "Cache worker for cache directory md-supplier (C:\Users\user\.gradle\caches\8.8\md-supplier)" [_thread_blocked, id=3944, stack(0x000000d566e00000,0x000000d566f00000)]
  0x000002b780afa800 JavaThread "Unconstrained build operations" [_thread_blocked, id=3140, stack(0x000000d566f00000,0x000000d567000000)]
  0x000002b780afb800 JavaThread "Unconstrained build operations Thread 2" [_thread_blocked, id=19452, stack(0x000000d567000000,0x000000d567100000)]
  0x000002b780afd000 JavaThread "Unconstrained build operations Thread 3" [_thread_blocked, id=7004, stack(0x000000d567100000,0x000000d567200000)]
  0x000002b780af7000 JavaThread "Unconstrained build operations Thread 4" [_thread_blocked, id=19020, stack(0x000000d567200000,0x000000d567300000)]
  0x000002b780afe000 JavaThread "Unconstrained build operations Thread 5" [_thread_blocked, id=5356, stack(0x000000d567300000,0x000000d567400000)]
  0x000002b780afe800 JavaThread "Unconstrained build operations Thread 6" [_thread_blocked, id=19424, stack(0x000000d567400000,0x000000d567500000)]
  0x000002b780af9000 JavaThread "Unconstrained build operations Thread 7" [_thread_blocked, id=10720, stack(0x000000d567500000,0x000000d567600000)]
  0x000002b780b03800 JavaThread "Unconstrained build operations Thread 8" [_thread_blocked, id=16828, stack(0x000000d567600000,0x000000d567700000)]
  0x000002b780b04800 JavaThread "Unconstrained build operations Thread 9" [_thread_blocked, id=10444, stack(0x000000d567700000,0x000000d567800000)]
  0x000002b780b05000 JavaThread "Unconstrained build operations Thread 10" [_thread_blocked, id=18464, stack(0x000000d566a00000,0x000000d566b00000)]
  0x000002b780b01000 JavaThread "Unconstrained build operations Thread 11" [_thread_blocked, id=15324, stack(0x000000d567800000,0x000000d567900000)]
  0x000002b780aff800 JavaThread "Unconstrained build operations Thread 12" [_thread_in_Java, id=19412, stack(0x000000d567900000,0x000000d567a00000)]
=>0x000002b7832f5800 JavaThread "C2 CompilerThread1" daemon [_thread_in_native, id=15012, stack(0x000000d567a00000,0x000000d567b00000)]

Other Threads:
  0x000002b7fff0b800 VMThread "VM Thread" [stack: 0x000000d564800000,0x000000d564900000] [id=18100]
  0x000002b780aa8000 WatcherThread [stack: 0x000000d565200000,0x000000d565300000] [id=19064]
  0x000002b7e4f6a000 GCTaskThread "GC Thread#0" [stack: 0x000000d564300000,0x000000d564400000] [id=15724]
  0x000002b780b9b800 GCTaskThread "GC Thread#1" [stack: 0x000000d565400000,0x000000d565500000] [id=15652]
  0x000002b78125f800 GCTaskThread "GC Thread#2" [stack: 0x000000d565500000,0x000000d565600000] [id=14676]
  0x000002b780bed800 GCTaskThread "GC Thread#3" [stack: 0x000000d565600000,0x000000d565700000] [id=6824]
  0x000002b7e4f79800 ConcurrentGCThread "G1 Main Marker" [stack: 0x000000d564400000,0x000000d564500000] [id=8320]
  0x000002b7e4f7b000 ConcurrentGCThread "G1 Conc#0" [stack: 0x000000d564500000,0x000000d564600000] [id=1288]
  0x000002b7ffda0800 ConcurrentGCThread "G1 Refine#0" [stack: 0x000000d564600000,0x000000d564700000] [id=9400]
  0x000002b786359000 ConcurrentGCThread "G1 Refine#1" [stack: 0x000000d567b00000,0x000000d567c00000] [id=16100]
  0x000002b7ffda1000 ConcurrentGCThread "G1 Young RemSet Sampling" [stack: 0x000000d564700000,0x000000d564800000] [id=2344]

Threads with active compile tasks:
C2 CompilerThread0    31504 8327       4       org.objectweb.asm.ClassReader::readCode (5117 bytes)
C2 CompilerThread1    31504 8358       4       org.apache.commons.compress.archivers.zip.ZipArchiveOutputStream::createLocalFileHeader (528 bytes)

VM state:not at safepoint (normal execution)

VM Mutex/Monitor currently owned by a thread: None

Heap address: 0x00000000e0000000, size: 512 MB, Compressed Oops mode: 32-bit
Narrow klass base: 0x0000000000000000, Narrow klass shift: 3
Compressed class space size: 394264576 Address: 0x0000000100000000

Heap:
 garbage-first heap   total 270336K, used 179119K [0x00000000e0000000, 0x0000000100000000)
  region size 1024K, 67 young (68608K), 1 survivors (1024K)
 Metaspace       used 59015K, capacity 61036K, committed 61312K, reserved 438272K
  class space    used 7564K, capacity 8308K, committed 8396K, reserved 385024K
Heap Regions: E=young(eden), S=young(survivor), O=old, HS=humongous(starts), HC=humongous(continues), CS=collection set, F=free, A=archive, TAMS=top-at-mark-start (previous, next)
|   0|0x00000000e0000000, 0x00000000e0100000, 0x00000000e0100000|100%|HS|  |TAMS 0x00000000e0100000, 0x00000000e0000000| Complete 
|   1|0x00000000e0100000, 0x00000000e0200000, 0x00000000e0200000|100%|HC|  |TAMS 0x00000000e0200000, 0x00000000e0100000| Complete 
|   2|0x00000000e0200000, 0x00000000e0300000, 0x00000000e0300000|100%|HC|  |TAMS 0x00000000e0300000, 0x00000000e0200000| Complete 
|   3|0x00000000e0300000, 0x00000000e0400000, 0x00000000e0400000|100%|HC|  |TAMS 0x00000000e0400000, 0x00000000e0300000| Complete 
|   4|0x00000000e0400000, 0x00000000e0500000, 0x00000000e0500000|100%|HS|  |TAMS 0x00000000e0500000, 0x00000000e0400000| Complete 
|   5|0x00000000e0500000, 0x00000000e0600000, 0x00000000e0600000|100%| O|  |TAMS 0x00000000e0600000, 0x00000000e0500000| Untracked 
|   6|0x00000000e0600000, 0x00000000e0700000, 0x00000000e0700000|100%| O|  |TAMS 0x00000000e0700000, 0x00000000e0600000| Untracked 
|   7|0x00000000e0700000, 0x00000000e0800000, 0x00000000e0800000|100%| O|  |TAMS 0x00000000e0800000, 0x00000000e0700000| Untracked 
|   8|0x00000000e0800000, 0x00000000e0900000, 0x00000000e0900000|100%| O|  |TAMS 0x00000000e0900000, 0x00000000e0800000| Untracked 
|   9|0x00000000e0900000, 0x00000000e0a00000, 0x00000000e0a00000|100%| O|  |TAMS 0x00000000e0a00000, 0x00000000e0900000| Untracked 
|  10|0x00000000e0a00000, 0x00000000e0b00000, 0x00000000e0b00000|100%| O|  |TAMS 0x00000000e0b00000, 0x00000000e0a00000| Untracked 
|  11|0x00000000e0b00000, 0x00000000e0c00000, 0x00000000e0c00000|100%| O|  |TAMS 0x00000000e0c00000, 0x00000000e0b00000| Untracked 
|  12|0x00000000e0c00000, 0x00000000e0d00000, 0x00000000e0d00000|100%| O|  |TAMS 0x00000000e0d00000, 0x00000000e0c00000| Untracked 
|  13|0x00000000e0d00000, 0x00000000e0e00000, 0x00000000e0e00000|100%| O|  |TAMS 0x00000000e0e00000, 0x00000000e0d00000| Untracked 
|  14|0x00000000e0e00000, 0x00000000e0f00000, 0x00000000e0f00000|100%| O|  |TAMS 0x00000000e0f00000, 0x00000000e0e00000| Untracked 
|  15|0x00000000e0f00000, 0x00000000e1000000, 0x00000000e1000000|100%| O|  |TAMS 0x00000000e1000000, 0x00000000e0f00000| Untracked 
|  16|0x00000000e1000000, 0x00000000e1100000, 0x00000000e1100000|100%| O|  |TAMS 0x00000000e1100000, 0x00000000e1000000| Untracked 
|  17|0x00000000e1100000, 0x00000000e1200000, 0x00000000e1200000|100%| O|  |TAMS 0x00000000e1200000, 0x00000000e1100000| Untracked 
|  18|0x00000000e1200000, 0x00000000e1300000, 0x00000000e1300000|100%| O|  |TAMS 0x00000000e1300000, 0x00000000e1200000| Untracked 
|  19|0x00000000e1300000, 0x00000000e1400000, 0x00000000e1400000|100%|HS|  |TAMS 0x00000000e1400000, 0x00000000e1300000| Complete 
|  20|0x00000000e1400000, 0x00000000e1500000, 0x00000000e1500000|100%|HC|  |TAMS 0x00000000e1500000, 0x00000000e1400000| Complete 
|  21|0x00000000e1500000, 0x00000000e1600000, 0x00000000e1600000|100%|HC|  |TAMS 0x00000000e1600000, 0x00000000e1500000| Complete 
|  22|0x00000000e1600000, 0x00000000e1700000, 0x00000000e1700000|100%|HC|  |TAMS 0x00000000e1700000, 0x00000000e1600000| Complete 
|  23|0x00000000e1700000, 0x00000000e1800000, 0x00000000e1800000|100%|HC|  |TAMS 0x00000000e1800000, 0x00000000e1700000| Complete 
|  24|0x00000000e1800000, 0x00000000e1900000, 0x00000000e1900000|100%|HC|  |TAMS 0x00000000e1900000, 0x00000000e1800000| Complete 
|  25|0x00000000e1900000, 0x00000000e1a00000, 0x00000000e1a00000|100%|HS|  |TAMS 0x00000000e1a00000, 0x00000000e1900000| Complete 
|  26|0x00000000e1a00000, 0x00000000e1b00000, 0x00000000e1b00000|100%|HS|  |TAMS 0x00000000e1b00000, 0x00000000e1a00000| Complete 
|  27|0x00000000e1b00000, 0x00000000e1c00000, 0x00000000e1c00000|100%|HC|  |TAMS 0x00000000e1c00000, 0x00000000e1b00000| Complete 
|  28|0x00000000e1c00000, 0x00000000e1d00000, 0x00000000e1d00000|100%|HS|  |TAMS 0x00000000e1d00000, 0x00000000e1c00000| Complete 
|  29|0x00000000e1d00000, 0x00000000e1e00000, 0x00000000e1e00000|100%|HS|  |TAMS 0x00000000e1e00000, 0x00000000e1d00000| Complete 
|  30|0x00000000e1e00000, 0x00000000e1f00000, 0x00000000e1f00000|100%|HC|  |TAMS 0x00000000e1f00000, 0x00000000e1e00000| Complete 
|  31|0x00000000e1f00000, 0x00000000e2000000, 0x00000000e2000000|100%|HC|  |TAMS 0x00000000e2000000, 0x00000000e1f00000| Complete 
|  32|0x00000000e2000000, 0x00000000e2100000, 0x00000000e2100000|100%|HS|  |TAMS 0x00000000e2100000, 0x00000000e2000000| Complete 
|  33|0x00000000e2100000, 0x00000000e2200000, 0x00000000e2200000|100%|HC|  |TAMS 0x00000000e2200000, 0x00000000e2100000| Complete 
|  34|0x00000000e2200000, 0x00000000e2300000, 0x00000000e2300000|100%|HC|  |TAMS 0x00000000e2300000, 0x00000000e2200000| Complete 
|  35|0x00000000e2300000, 0x00000000e2400000, 0x00000000e2400000|100%|HC|  |TAMS 0x00000000e2400000, 0x00000000e2300000| Complete 
|  36|0x00000000e2400000, 0x00000000e2500000, 0x00000000e2500000|100%|HC|  |TAMS 0x00000000e2500000, 0x00000000e2400000| Complete 
|  37|0x00000000e2500000, 0x00000000e2600000, 0x00000000e2600000|100%|HC|  |TAMS 0x00000000e2600000, 0x00000000e2500000| Complete 
|  38|0x00000000e2600000, 0x00000000e2700000, 0x00000000e2700000|100%|HS|  |TAMS 0x00000000e2700000, 0x00000000e2600000| Complete 
|  39|0x00000000e2700000, 0x00000000e2800000, 0x00000000e2800000|100%|HS|  |TAMS 0x00000000e2800000, 0x00000000e2700000| Complete 
|  40|0x00000000e2800000, 0x00000000e2900000, 0x00000000e2900000|100%|HC|  |TAMS 0x00000000e2900000, 0x00000000e2800000| Complete 
|  41|0x00000000e2900000, 0x00000000e2a00000, 0x00000000e2a00000|100%|HS|  |TAMS 0x00000000e2a00000, 0x00000000e2900000| Complete 
|  42|0x00000000e2a00000, 0x00000000e2b00000, 0x00000000e2b00000|100%|HS|  |TAMS 0x00000000e2b00000, 0x00000000e2a00000| Complete 
|  43|0x00000000e2b00000, 0x00000000e2c00000, 0x00000000e2c00000|100%|HC|  |TAMS 0x00000000e2c00000, 0x00000000e2b00000| Complete 
|  44|0x00000000e2c00000, 0x00000000e2d00000, 0x00000000e2d00000|100%|HC|  |TAMS 0x00000000e2d00000, 0x00000000e2c00000| Complete 
|  45|0x00000000e2d00000, 0x00000000e2e00000, 0x00000000e2e00000|100%| O|  |TAMS 0x00000000e2e00000, 0x00000000e2d00000| Untracked 
|  46|0x00000000e2e00000, 0x00000000e2f00000, 0x00000000e2f00000|100%| O|  |TAMS 0x00000000e2f00000, 0x00000000e2e00000| Untracked 
|  47|0x00000000e2f00000, 0x00000000e3000000, 0x00000000e3000000|100%| O|  |TAMS 0x00000000e3000000, 0x00000000e2f00000| Untracked 
|  48|0x00000000e3000000, 0x00000000e3100000, 0x00000000e3100000|100%| O|  |TAMS 0x00000000e3100000, 0x00000000e3000000| Untracked 
|  49|0x00000000e3100000, 0x00000000e3200000, 0x00000000e3200000|100%| O|  |TAMS 0x00000000e3200000, 0x00000000e3100000| Untracked 
|  50|0x00000000e3200000, 0x00000000e3300000, 0x00000000e3300000|100%| O|  |TAMS 0x00000000e3300000, 0x00000000e3200000| Untracked 
|  51|0x00000000e3300000, 0x00000000e3400000, 0x00000000e3400000|100%| O|  |TAMS 0x00000000e3400000, 0x00000000e3300000| Untracked 
|  52|0x00000000e3400000, 0x00000000e3500000, 0x00000000e3500000|100%| O|  |TAMS 0x00000000e3500000, 0x00000000e3400000| Untracked 
|  53|0x00000000e3500000, 0x00000000e3600000, 0x00000000e3600000|100%| O|  |TAMS 0x00000000e3600000, 0x00000000e3500000| Untracked 
|  54|0x00000000e3600000, 0x00000000e3700000, 0x00000000e3700000|100%| O|  |TAMS 0x00000000e3700000, 0x00000000e3600000| Untracked 
|  55|0x00000000e3700000, 0x00000000e3800000, 0x00000000e3800000|100%| O|  |TAMS 0x00000000e3800000, 0x00000000e3700000| Untracked 
|  56|0x00000000e3800000, 0x00000000e3900000, 0x00000000e3900000|100%| O|  |TAMS 0x00000000e3900000, 0x00000000e3800000| Untracked 
|  57|0x00000000e3900000, 0x00000000e3a00000, 0x00000000e3a00000|100%| O|  |TAMS 0x00000000e3a00000, 0x00000000e3900000| Untracked 
|  58|0x00000000e3a00000, 0x00000000e3b00000, 0x00000000e3b00000|100%| O|  |TAMS 0x00000000e3b00000, 0x00000000e3a00000| Untracked 
|  59|0x00000000e3b00000, 0x00000000e3c00000, 0x00000000e3c00000|100%| O|  |TAMS 0x00000000e3c00000, 0x00000000e3b00000| Untracked 
|  60|0x00000000e3c00000, 0x00000000e3d00000, 0x00000000e3d00000|100%| O|  |TAMS 0x00000000e3d00000, 0x00000000e3c00000| Untracked 
|  61|0x00000000e3d00000, 0x00000000e3e00000, 0x00000000e3e00000|100%| O|  |TAMS 0x00000000e3e00000, 0x00000000e3d00000| Untracked 
|  62|0x00000000e3e00000, 0x00000000e3f00000, 0x00000000e3f00000|100%| O|  |TAMS 0x00000000e3f00000, 0x00000000e3e00000| Untracked 
|  63|0x00000000e3f00000, 0x00000000e4000000, 0x00000000e4000000|100%| O|  |TAMS 0x00000000e4000000, 0x00000000e3f00000| Untracked 
|  64|0x00000000e4000000, 0x00000000e4100000, 0x00000000e4100000|100%| O|  |TAMS 0x00000000e4100000, 0x00000000e4000000| Untracked 
|  65|0x00000000e4100000, 0x00000000e4200000, 0x00000000e4200000|100%| O|  |TAMS 0x00000000e4200000, 0x00000000e4100000| Untracked 
|  66|0x00000000e4200000, 0x00000000e4300000, 0x00000000e4300000|100%|HS|  |TAMS 0x00000000e4300000, 0x00000000e4200000| Complete 
|  67|0x00000000e4300000, 0x00000000e4400000, 0x00000000e4400000|100%|HC|  |TAMS 0x00000000e4400000, 0x00000000e4300000| Complete 
|  68|0x00000000e4400000, 0x00000000e4500000, 0x00000000e4500000|100%| O|  |TAMS 0x00000000e4500000, 0x00000000e4400000| Untracked 
|  69|0x00000000e4500000, 0x00000000e4600000, 0x00000000e4600000|100%| O|  |TAMS 0x00000000e4600000, 0x00000000e4500000| Untracked 
|  70|0x00000000e4600000, 0x00000000e4700000, 0x00000000e4700000|100%| O|  |TAMS 0x00000000e4700000, 0x00000000e4600000| Untracked 
|  71|0x00000000e4700000, 0x00000000e4800000, 0x00000000e4800000|100%| O|  |TAMS 0x00000000e4800000, 0x00000000e4700000| Untracked 
|  72|0x00000000e4800000, 0x00000000e4900000, 0x00000000e4900000|100%| O|  |TAMS 0x00000000e4800000, 0x00000000e4800000| Untracked 
|  73|0x00000000e4900000, 0x00000000e4a00000, 0x00000000e4a00000|100%| O|  |TAMS 0x00000000e4900000, 0x00000000e4900000| Untracked 
|  74|0x00000000e4a00000, 0x00000000e4b00000, 0x00000000e4b00000|100%| O|  |TAMS 0x00000000e4a00000, 0x00000000e4a00000| Untracked 
|  75|0x00000000e4b00000, 0x00000000e4c00000, 0x00000000e4c00000|100%| O|  |TAMS 0x00000000e4b00000, 0x00000000e4b00000| Untracked 
|  76|0x00000000e4c00000, 0x00000000e4d00000, 0x00000000e4d00000|100%| O|  |TAMS 0x00000000e4c00000, 0x00000000e4c00000| Untracked 
|  77|0x00000000e4d00000, 0x00000000e4e00000, 0x00000000e4e00000|100%| O|  |TAMS 0x00000000e4e00000, 0x00000000e4d00000| Untracked 
|  78|0x00000000e4e00000, 0x00000000e4f00000, 0x00000000e4f00000|100%| O|  |TAMS 0x00000000e4e00000, 0x00000000e4e00000| Untracked 
|  79|0x00000000e4f00000, 0x00000000e5000000, 0x00000000e5000000|100%| O|  |TAMS 0x00000000e4f00000, 0x00000000e4f00000| Untracked 
|  80|0x00000000e5000000, 0x00000000e5100000, 0x00000000e5100000|100%| O|  |TAMS 0x00000000e5000000, 0x00000000e5000000| Untracked 
|  81|0x00000000e5100000, 0x00000000e5200000, 0x00000000e5200000|100%| O|  |TAMS 0x00000000e5100000, 0x00000000e5100000| Untracked 
|  82|0x00000000e5200000, 0x00000000e5300000, 0x00000000e5300000|100%| O|  |TAMS 0x00000000e5200000, 0x00000000e5200000| Untracked 
|  83|0x00000000e5300000, 0x00000000e5400000, 0x00000000e5400000|100%| O|  |TAMS 0x00000000e5300000, 0x00000000e5300000| Untracked 
|  84|0x00000000e5400000, 0x00000000e5500000, 0x00000000e5500000|100%| O|  |TAMS 0x00000000e5400000, 0x00000000e5400000| Untracked 
|  85|0x00000000e5500000, 0x00000000e5600000, 0x00000000e5600000|100%| O|  |TAMS 0x00000000e5500000, 0x00000000e5500000| Untracked 
|  86|0x00000000e5600000, 0x00000000e5700000, 0x00000000e5700000|100%| O|  |TAMS 0x00000000e5600000, 0x00000000e5600000| Untracked 
|  87|0x00000000e5700000, 0x00000000e5800000, 0x00000000e5800000|100%| O|  |TAMS 0x00000000e5700000, 0x00000000e5700000| Untracked 
|  88|0x00000000e5800000, 0x00000000e5900000, 0x00000000e5900000|100%| O|  |TAMS 0x00000000e5800000, 0x00000000e5800000| Untracked 
|  89|0x00000000e5900000, 0x00000000e5a00000, 0x00000000e5a00000|100%| O|  |TAMS 0x00000000e5900000, 0x00000000e5900000| Untracked 
|  90|0x00000000e5a00000, 0x00000000e5b00000, 0x00000000e5b00000|100%| O|  |TAMS 0x00000000e5a00000, 0x00000000e5a00000| Untracked 
|  91|0x00000000e5b00000, 0x00000000e5c00000, 0x00000000e5c00000|100%| O|  |TAMS 0x00000000e5c00000, 0x00000000e5b00000| Untracked 
|  92|0x00000000e5c00000, 0x00000000e5d00000, 0x00000000e5d00000|100%| O|  |TAMS 0x00000000e5d00000, 0x00000000e5c00000| Untracked 
|  93|0x00000000e5d00000, 0x00000000e5e00000, 0x00000000e5e00000|100%| O|  |TAMS 0x00000000e5e00000, 0x00000000e5d00000| Untracked 
|  94|0x00000000e5e00000, 0x00000000e5f00000, 0x00000000e5f00000|100%| O|  |TAMS 0x00000000e5f00000, 0x00000000e5e00000| Untracked 
|  95|0x00000000e5f00000, 0x00000000e6000000, 0x00000000e6000000|100%| O|  |TAMS 0x00000000e6000000, 0x00000000e5f00000| Untracked 
|  96|0x00000000e6000000, 0x00000000e6100000, 0x00000000e6100000|100%| O|  |TAMS 0x00000000e6080000, 0x00000000e6000000| Untracked 
|  97|0x00000000e6100000, 0x00000000e6200000, 0x00000000e6200000|100%| O|  |TAMS 0x00000000e6200000, 0x00000000e6100000| Untracked 
|  98|0x00000000e6200000, 0x00000000e6300000, 0x00000000e6300000|100%| O|  |TAMS 0x00000000e6300000, 0x00000000e6200000| Untracked 
|  99|0x00000000e6300000, 0x00000000e6400000, 0x00000000e6400000|100%|HS|  |TAMS 0x00000000e6300000, 0x00000000e6300000| Complete 
| 100|0x00000000e6400000, 0x00000000e6500000, 0x00000000e6500000|100%|HS|  |TAMS 0x00000000e6400000, 0x00000000e6400000| Complete 
| 101|0x00000000e6500000, 0x00000000e6600000, 0x00000000e6600000|100%| O|  |TAMS 0x00000000e6500000, 0x00000000e6500000| Untracked 
| 102|0x00000000e6600000, 0x00000000e6700000, 0x00000000e6700000|100%| O|  |TAMS 0x00000000e6600000, 0x00000000e6600000| Untracked 
| 103|0x00000000e6700000, 0x00000000e6800000, 0x00000000e6800000|100%| O|  |TAMS 0x00000000e6700000, 0x00000000e6700000| Untracked 
| 104|0x00000000e6800000, 0x00000000e68ebc00, 0x00000000e6900000| 92%| O|  |TAMS 0x00000000e6800000, 0x00000000e6800000| Untracked 
| 105|0x00000000e6900000, 0x00000000e6900000, 0x00000000e6a00000|  0%| F|  |TAMS 0x00000000e6900000, 0x00000000e6900000| Untracked 
| 106|0x00000000e6a00000, 0x00000000e6a00000, 0x00000000e6b00000|  0%| F|  |TAMS 0x00000000e6a00000, 0x00000000e6a00000| Untracked 
| 107|0x00000000e6b00000, 0x00000000e6b00000, 0x00000000e6c00000|  0%| F|  |TAMS 0x00000000e6b00000, 0x00000000e6b00000| Untracked 
| 108|0x00000000e6c00000, 0x00000000e6c00000, 0x00000000e6d00000|  0%| F|  |TAMS 0x00000000e6c00000, 0x00000000e6c00000| Untracked 
| 109|0x00000000e6d00000, 0x00000000e6d00000, 0x00000000e6e00000|  0%| F|  |TAMS 0x00000000e6d00000, 0x00000000e6d00000| Untracked 
| 110|0x00000000e6e00000, 0x00000000e6e00000, 0x00000000e6f00000|  0%| F|  |TAMS 0x00000000e6e00000, 0x00000000e6e00000| Untracked 
| 111|0x00000000e6f00000, 0x00000000e6f00000, 0x00000000e7000000|  0%| F|  |TAMS 0x00000000e6f00000, 0x00000000e6f00000| Untracked 
| 112|0x00000000e7000000, 0x00000000e7000000, 0x00000000e7100000|  0%| F|  |TAMS 0x00000000e7000000, 0x00000000e7000000| Untracked 
| 113|0x00000000e7100000, 0x00000000e7100000, 0x00000000e7200000|  0%| F|  |TAMS 0x00000000e7100000, 0x00000000e7100000| Untracked 
| 114|0x00000000e7200000, 0x00000000e7200000, 0x00000000e7300000|  0%| F|  |TAMS 0x00000000e7200000, 0x00000000e7200000| Untracked 
| 115|0x00000000e7300000, 0x00000000e7300000, 0x00000000e7400000|  0%| F|  |TAMS 0x00000000e7300000, 0x00000000e7300000| Untracked 
| 116|0x00000000e7400000, 0x00000000e7400000, 0x00000000e7500000|  0%| F|  |TAMS 0x00000000e7400000, 0x00000000e7400000| Untracked 
| 117|0x00000000e7500000, 0x00000000e7500000, 0x00000000e7600000|  0%| F|  |TAMS 0x00000000e7500000, 0x00000000e7500000| Untracked 
| 118|0x00000000e7600000, 0x00000000e7600000, 0x00000000e7700000|  0%| F|  |TAMS 0x00000000e7600000, 0x00000000e7600000| Untracked 
| 119|0x00000000e7700000, 0x00000000e7700000, 0x00000000e7800000|  0%| F|  |TAMS 0x00000000e7700000, 0x00000000e7700000| Untracked 
| 120|0x00000000e7800000, 0x00000000e7800000, 0x00000000e7900000|  0%| F|  |TAMS 0x00000000e7800000, 0x00000000e7800000| Untracked 
| 121|0x00000000e7900000, 0x00000000e7900000, 0x00000000e7a00000|  0%| F|  |TAMS 0x00000000e7900000, 0x00000000e7900000| Untracked 
| 122|0x00000000e7a00000, 0x00000000e7a00000, 0x00000000e7b00000|  0%| F|  |TAMS 0x00000000e7a00000, 0x00000000e7a00000| Untracked 
| 123|0x00000000e7b00000, 0x00000000e7b00000, 0x00000000e7c00000|  0%| F|  |TAMS 0x00000000e7b00000, 0x00000000e7b00000| Untracked 
| 124|0x00000000e7c00000, 0x00000000e7c00000, 0x00000000e7d00000|  0%| F|  |TAMS 0x00000000e7c00000, 0x00000000e7c00000| Untracked 
| 125|0x00000000e7d00000, 0x00000000e7d00000, 0x00000000e7e00000|  0%| F|  |TAMS 0x00000000e7d00000, 0x00000000e7d00000| Untracked 
| 126|0x00000000e7e00000, 0x00000000e7e00000, 0x00000000e7f00000|  0%| F|  |TAMS 0x00000000e7e00000, 0x00000000e7e00000| Untracked 
| 127|0x00000000e7f00000, 0x00000000e7f00000, 0x00000000e8000000|  0%| F|  |TAMS 0x00000000e7f00000, 0x00000000e7f00000| Untracked 
| 128|0x00000000e8000000, 0x00000000e8000000, 0x00000000e8100000|  0%| F|  |TAMS 0x00000000e8000000, 0x00000000e8000000| Untracked 
| 129|0x00000000e8100000, 0x00000000e8100000, 0x00000000e8200000|  0%| F|  |TAMS 0x00000000e8100000, 0x00000000e8100000| Untracked 
| 130|0x00000000e8200000, 0x00000000e8300000, 0x00000000e8300000|100%| O|  |TAMS 0x00000000e8300000, 0x00000000e8200000| Untracked 
| 131|0x00000000e8300000, 0x00000000e8300000, 0x00000000e8400000|  0%| F|  |TAMS 0x00000000e8300000, 0x00000000e8300000| Untracked 
| 132|0x00000000e8400000, 0x00000000e8400000, 0x00000000e8500000|  0%| F|  |TAMS 0x00000000e8400000, 0x00000000e8400000| Untracked 
| 133|0x00000000e8500000, 0x00000000e8500000, 0x00000000e8600000|  0%| F|  |TAMS 0x00000000e8500000, 0x00000000e8500000| Untracked 
| 134|0x00000000e8600000, 0x00000000e8600000, 0x00000000e8700000|  0%| F|  |TAMS 0x00000000e8600000, 0x00000000e8600000| Untracked 
| 135|0x00000000e8700000, 0x00000000e8700000, 0x00000000e8800000|  0%| F|  |TAMS 0x00000000e8700000, 0x00000000e8700000| Untracked 
| 136|0x00000000e8800000, 0x00000000e8800000, 0x00000000e8900000|  0%| F|  |TAMS 0x00000000e8800000, 0x00000000e8800000| Untracked 
| 137|0x00000000e8900000, 0x00000000e8900000, 0x00000000e8a00000|  0%| F|  |TAMS 0x00000000e8900000, 0x00000000e8900000| Untracked 
| 138|0x00000000e8a00000, 0x00000000e8a00000, 0x00000000e8b00000|  0%| F|  |TAMS 0x00000000e8a00000, 0x00000000e8a00000| Untracked 
| 139|0x00000000e8b00000, 0x00000000e8b00000, 0x00000000e8c00000|  0%| F|  |TAMS 0x00000000e8b00000, 0x00000000e8b00000| Untracked 
| 140|0x00000000e8c00000, 0x00000000e8c00000, 0x00000000e8d00000|  0%| F|  |TAMS 0x00000000e8c00000, 0x00000000e8c00000| Untracked 
| 141|0x00000000e8d00000, 0x00000000e8d00000, 0x00000000e8e00000|  0%| F|  |TAMS 0x00000000e8d00000, 0x00000000e8d00000| Untracked 
| 142|0x00000000e8e00000, 0x00000000e8e00000, 0x00000000e8f00000|  0%| F|  |TAMS 0x00000000e8e00000, 0x00000000e8e00000| Untracked 
| 143|0x00000000e8f00000, 0x00000000e8f00000, 0x00000000e9000000|  0%| F|  |TAMS 0x00000000e8f00000, 0x00000000e8f00000| Untracked 
| 144|0x00000000e9000000, 0x00000000e9000000, 0x00000000e9100000|  0%| F|  |TAMS 0x00000000e9000000, 0x00000000e9000000| Untracked 
| 145|0x00000000e9100000, 0x00000000e9100000, 0x00000000e9200000|  0%| F|  |TAMS 0x00000000e9100000, 0x00000000e9100000| Untracked 
| 146|0x00000000e9200000, 0x00000000e9200000, 0x00000000e9300000|  0%| F|  |TAMS 0x00000000e9200000, 0x00000000e9200000| Untracked 
| 147|0x00000000e9300000, 0x00000000e9300000, 0x00000000e9400000|  0%| F|  |TAMS 0x00000000e9300000, 0x00000000e9300000| Untracked 
| 148|0x00000000e9400000, 0x00000000e9400000, 0x00000000e9500000|  0%| F|  |TAMS 0x00000000e9400000, 0x00000000e9400000| Untracked 
| 149|0x00000000e9500000, 0x00000000e9500000, 0x00000000e9600000|  0%| F|  |TAMS 0x00000000e9500000, 0x00000000e9500000| Untracked 
| 150|0x00000000e9600000, 0x00000000e9600000, 0x00000000e9700000|  0%| F|  |TAMS 0x00000000e9600000, 0x00000000e9600000| Untracked 
| 151|0x00000000e9700000, 0x00000000e9700000, 0x00000000e9800000|  0%| F|  |TAMS 0x00000000e9700000, 0x00000000e9700000| Untracked 
| 152|0x00000000e9800000, 0x00000000e9800000, 0x00000000e9900000|  0%| F|  |TAMS 0x00000000e9800000, 0x00000000e9800000| Untracked 
| 153|0x00000000e9900000, 0x00000000e9900000, 0x00000000e9a00000|  0%| F|  |TAMS 0x00000000e9900000, 0x00000000e9900000| Untracked 
| 154|0x00000000e9a00000, 0x00000000e9a00000, 0x00000000e9b00000|  0%| F|  |TAMS 0x00000000e9a00000, 0x00000000e9a00000| Untracked 
| 155|0x00000000e9b00000, 0x00000000e9b00000, 0x00000000e9c00000|  0%| F|  |TAMS 0x00000000e9b00000, 0x00000000e9b00000| Untracked 
| 156|0x00000000e9c00000, 0x00000000e9c00000, 0x00000000e9d00000|  0%| F|  |TAMS 0x00000000e9c00000, 0x00000000e9c00000| Untracked 
| 157|0x00000000e9d00000, 0x00000000e9d00000, 0x00000000e9e00000|  0%| F|  |TAMS 0x00000000e9d00000, 0x00000000e9d00000| Untracked 
| 158|0x00000000e9e00000, 0x00000000e9e00000, 0x00000000e9f00000|  0%| F|  |TAMS 0x00000000e9e00000, 0x00000000e9e00000| Untracked 
| 159|0x00000000e9f00000, 0x00000000e9f00000, 0x00000000ea000000|  0%| F|  |TAMS 0x00000000e9f00000, 0x00000000e9f00000| Untracked 
| 160|0x00000000ea000000, 0x00000000ea000000, 0x00000000ea100000|  0%| F|  |TAMS 0x00000000ea000000, 0x00000000ea000000| Untracked 
| 161|0x00000000ea100000, 0x00000000ea100000, 0x00000000ea200000|  0%| F|  |TAMS 0x00000000ea100000, 0x00000000ea100000| Untracked 
| 162|0x00000000ea200000, 0x00000000ea200000, 0x00000000ea300000|  0%| F|  |TAMS 0x00000000ea200000, 0x00000000ea200000| Untracked 
| 163|0x00000000ea300000, 0x00000000ea300000, 0x00000000ea400000|  0%| F|  |TAMS 0x00000000ea300000, 0x00000000ea300000| Untracked 
| 164|0x00000000ea400000, 0x00000000ea400000, 0x00000000ea500000|  0%| F|  |TAMS 0x00000000ea400000, 0x00000000ea400000| Untracked 
| 165|0x00000000ea500000, 0x00000000ea500000, 0x00000000ea600000|  0%| F|  |TAMS 0x00000000ea500000, 0x00000000ea500000| Untracked 
| 166|0x00000000ea600000, 0x00000000ea600000, 0x00000000ea700000|  0%| F|  |TAMS 0x00000000ea600000, 0x00000000ea600000| Untracked 
| 167|0x00000000ea700000, 0x00000000ea700000, 0x00000000ea800000|  0%| F|  |TAMS 0x00000000ea700000, 0x00000000ea700000| Untracked 
| 168|0x00000000ea800000, 0x00000000ea800000, 0x00000000ea900000|  0%| F|  |TAMS 0x00000000ea800000, 0x00000000ea800000| Untracked 
| 169|0x00000000ea900000, 0x00000000ea900000, 0x00000000eaa00000|  0%| F|  |TAMS 0x00000000ea900000, 0x00000000ea900000| Untracked 
| 170|0x00000000eaa00000, 0x00000000eaa00000, 0x00000000eab00000|  0%| F|  |TAMS 0x00000000eaa00000, 0x00000000eaa00000| Untracked 
| 171|0x00000000eab00000, 0x00000000eab00000, 0x00000000eac00000|  0%| F|  |TAMS 0x00000000eab00000, 0x00000000eab00000| Untracked 
| 172|0x00000000eac00000, 0x00000000eac00000, 0x00000000ead00000|  0%| F|  |TAMS 0x00000000eac00000, 0x00000000eac00000| Untracked 
| 173|0x00000000ead00000, 0x00000000ead00000, 0x00000000eae00000|  0%| F|  |TAMS 0x00000000ead00000, 0x00000000ead00000| Untracked 
| 174|0x00000000eae00000, 0x00000000eae00000, 0x00000000eaf00000|  0%| F|  |TAMS 0x00000000eae00000, 0x00000000eae00000| Untracked 
| 175|0x00000000eaf00000, 0x00000000eb000000, 0x00000000eb000000|100%| S|CS|TAMS 0x00000000eaf00000, 0x00000000eaf00000| Complete 
| 176|0x00000000eb000000, 0x00000000eb000000, 0x00000000eb100000|  0%| F|  |TAMS 0x00000000eb000000, 0x00000000eb000000| Untracked 
| 177|0x00000000eb100000, 0x00000000eb100000, 0x00000000eb200000|  0%| F|  |TAMS 0x00000000eb100000, 0x00000000eb100000| Untracked 
| 178|0x00000000eb200000, 0x00000000eb200000, 0x00000000eb300000|  0%| F|  |TAMS 0x00000000eb200000, 0x00000000eb200000| Untracked 
| 179|0x00000000eb300000, 0x00000000eb300000, 0x00000000eb400000|  0%| F|  |TAMS 0x00000000eb300000, 0x00000000eb300000| Untracked 
| 180|0x00000000eb400000, 0x00000000eb400000, 0x00000000eb500000|  0%| F|  |TAMS 0x00000000eb400000, 0x00000000eb400000| Untracked 
| 181|0x00000000eb500000, 0x00000000eb500000, 0x00000000eb600000|  0%| F|  |TAMS 0x00000000eb500000, 0x00000000eb500000| Untracked 
| 182|0x00000000eb600000, 0x00000000eb600000, 0x00000000eb700000|  0%| F|  |TAMS 0x00000000eb600000, 0x00000000eb600000| Untracked 
| 183|0x00000000eb700000, 0x00000000eb700000, 0x00000000eb800000|  0%| F|  |TAMS 0x00000000eb700000, 0x00000000eb700000| Untracked 
| 184|0x00000000eb800000, 0x00000000eb800000, 0x00000000eb900000|  0%| F|  |TAMS 0x00000000eb800000, 0x00000000eb800000| Untracked 
| 185|0x00000000eb900000, 0x00000000eb900000, 0x00000000eba00000|  0%| F|  |TAMS 0x00000000eb900000, 0x00000000eb900000| Untracked 
| 186|0x00000000eba00000, 0x00000000eba00000, 0x00000000ebb00000|  0%| F|  |TAMS 0x00000000eba00000, 0x00000000eba00000| Untracked 
| 187|0x00000000ebb00000, 0x00000000ebb00000, 0x00000000ebc00000|  0%| F|  |TAMS 0x00000000ebb00000, 0x00000000ebb00000| Untracked 
| 188|0x00000000ebc00000, 0x00000000ebc00000, 0x00000000ebd00000|  0%| F|  |TAMS 0x00000000ebc00000, 0x00000000ebc00000| Untracked 
| 189|0x00000000ebd00000, 0x00000000ebd00000, 0x00000000ebe00000|  0%| F|  |TAMS 0x00000000ebd00000, 0x00000000ebd00000| Untracked 
| 190|0x00000000ebe00000, 0x00000000ebe00000, 0x00000000ebf00000|  0%| F|  |TAMS 0x00000000ebe00000, 0x00000000ebe00000| Untracked 
| 191|0x00000000ebf00000, 0x00000000ebf00000, 0x00000000ec000000|  0%| F|  |TAMS 0x00000000ebf00000, 0x00000000ebf00000| Untracked 
| 192|0x00000000ec000000, 0x00000000ec000000, 0x00000000ec100000|  0%| F|  |TAMS 0x00000000ec000000, 0x00000000ec000000| Untracked 
| 193|0x00000000ec100000, 0x00000000ec100000, 0x00000000ec200000|  0%| F|  |TAMS 0x00000000ec100000, 0x00000000ec100000| Untracked 
| 194|0x00000000ec200000, 0x00000000ec300000, 0x00000000ec300000|100%| E|  |TAMS 0x00000000ec200000, 0x00000000ec200000| Complete 
| 195|0x00000000ec300000, 0x00000000ec400000, 0x00000000ec400000|100%| E|CS|TAMS 0x00000000ec300000, 0x00000000ec300000| Complete 
| 196|0x00000000ec400000, 0x00000000ec500000, 0x00000000ec500000|100%| E|CS|TAMS 0x00000000ec400000, 0x00000000ec400000| Complete 
| 197|0x00000000ec500000, 0x00000000ec600000, 0x00000000ec600000|100%| E|CS|TAMS 0x00000000ec500000, 0x00000000ec500000| Complete 
| 198|0x00000000ec600000, 0x00000000ec700000, 0x00000000ec700000|100%| E|CS|TAMS 0x00000000ec600000, 0x00000000ec600000| Complete 
| 199|0x00000000ec700000, 0x00000000ec800000, 0x00000000ec800000|100%| E|CS|TAMS 0x00000000ec700000, 0x00000000ec700000| Complete 
| 200|0x00000000ec800000, 0x00000000ec900000, 0x00000000ec900000|100%| E|CS|TAMS 0x00000000ec800000, 0x00000000ec800000| Complete 
| 201|0x00000000ec900000, 0x00000000eca00000, 0x00000000eca00000|100%| E|CS|TAMS 0x00000000ec900000, 0x00000000ec900000| Complete 
| 202|0x00000000eca00000, 0x00000000ecb00000, 0x00000000ecb00000|100%| E|CS|TAMS 0x00000000eca00000, 0x00000000eca00000| Complete 
| 203|0x00000000ecb00000, 0x00000000ecc00000, 0x00000000ecc00000|100%| E|CS|TAMS 0x00000000ecb00000, 0x00000000ecb00000| Complete 
| 204|0x00000000ecc00000, 0x00000000ecd00000, 0x00000000ecd00000|100%| E|CS|TAMS 0x00000000ecc00000, 0x00000000ecc00000| Complete 
| 205|0x00000000ecd00000, 0x00000000ece00000, 0x00000000ece00000|100%| E|CS|TAMS 0x00000000ecd00000, 0x00000000ecd00000| Complete 
| 206|0x00000000ece00000, 0x00000000ecf00000, 0x00000000ecf00000|100%| E|CS|TAMS 0x00000000ece00000, 0x00000000ece00000| Complete 
| 207|0x00000000ecf00000, 0x00000000ed000000, 0x00000000ed000000|100%| E|CS|TAMS 0x00000000ecf00000, 0x00000000ecf00000| Complete 
| 208|0x00000000ed000000, 0x00000000ed100000, 0x00000000ed100000|100%| E|CS|TAMS 0x00000000ed000000, 0x00000000ed000000| Complete 
| 209|0x00000000ed100000, 0x00000000ed200000, 0x00000000ed200000|100%| E|CS|TAMS 0x00000000ed100000, 0x00000000ed100000| Complete 
| 210|0x00000000ed200000, 0x00000000ed300000, 0x00000000ed300000|100%| E|CS|TAMS 0x00000000ed200000, 0x00000000ed200000| Complete 
| 211|0x00000000ed300000, 0x00000000ed400000, 0x00000000ed400000|100%| E|CS|TAMS 0x00000000ed300000, 0x00000000ed300000| Complete 
| 212|0x00000000ed400000, 0x00000000ed500000, 0x00000000ed500000|100%| E|CS|TAMS 0x00000000ed400000, 0x00000000ed400000| Complete 
| 213|0x00000000ed500000, 0x00000000ed600000, 0x00000000ed600000|100%| E|CS|TAMS 0x00000000ed500000, 0x00000000ed500000| Complete 
| 214|0x00000000ed600000, 0x00000000ed700000, 0x00000000ed700000|100%| E|CS|TAMS 0x00000000ed600000, 0x00000000ed600000| Complete 
| 215|0x00000000ed700000, 0x00000000ed800000, 0x00000000ed800000|100%| E|CS|TAMS 0x00000000ed700000, 0x00000000ed700000| Complete 
| 216|0x00000000ed800000, 0x00000000ed900000, 0x00000000ed900000|100%| E|CS|TAMS 0x00000000ed800000, 0x00000000ed800000| Complete 
| 217|0x00000000ed900000, 0x00000000eda00000, 0x00000000eda00000|100%| E|CS|TAMS 0x00000000ed900000, 0x00000000ed900000| Complete 
| 218|0x00000000eda00000, 0x00000000edb00000, 0x00000000edb00000|100%| E|CS|TAMS 0x00000000eda00000, 0x00000000eda00000| Complete 
| 219|0x00000000edb00000, 0x00000000edc00000, 0x00000000edc00000|100%| E|CS|TAMS 0x00000000edb00000, 0x00000000edb00000| Complete 
| 220|0x00000000edc00000, 0x00000000edd00000, 0x00000000edd00000|100%| E|CS|TAMS 0x00000000edc00000, 0x00000000edc00000| Complete 
| 221|0x00000000edd00000, 0x00000000ede00000, 0x00000000ede00000|100%| E|CS|TAMS 0x00000000edd00000, 0x00000000edd00000| Complete 
| 222|0x00000000ede00000, 0x00000000edf00000, 0x00000000edf00000|100%| E|CS|TAMS 0x00000000ede00000, 0x00000000ede00000| Complete 
| 223|0x00000000edf00000, 0x00000000ee000000, 0x00000000ee000000|100%| E|CS|TAMS 0x00000000edf00000, 0x00000000edf00000| Complete 
| 224|0x00000000ee000000, 0x00000000ee100000, 0x00000000ee100000|100%| E|CS|TAMS 0x00000000ee000000, 0x00000000ee000000| Complete 
| 225|0x00000000ee100000, 0x00000000ee200000, 0x00000000ee200000|100%| E|CS|TAMS 0x00000000ee100000, 0x00000000ee100000| Complete 
| 226|0x00000000ee200000, 0x00000000ee300000, 0x00000000ee300000|100%| E|CS|TAMS 0x00000000ee200000, 0x00000000ee200000| Complete 
| 227|0x00000000ee300000, 0x00000000ee400000, 0x00000000ee400000|100%| E|CS|TAMS 0x00000000ee300000, 0x00000000ee300000| Complete 
| 228|0x00000000ee400000, 0x00000000ee500000, 0x00000000ee500000|100%| E|CS|TAMS 0x00000000ee400000, 0x00000000ee400000| Complete 
| 229|0x00000000ee500000, 0x00000000ee600000, 0x00000000ee600000|100%| E|CS|TAMS 0x00000000ee500000, 0x00000000ee500000| Complete 
| 230|0x00000000ee600000, 0x00000000ee700000, 0x00000000ee700000|100%| E|CS|TAMS 0x00000000ee600000, 0x00000000ee600000| Complete 
| 231|0x00000000ee700000, 0x00000000ee800000, 0x00000000ee800000|100%| E|CS|TAMS 0x00000000ee700000, 0x00000000ee700000| Complete 
| 232|0x00000000ee800000, 0x00000000ee900000, 0x00000000ee900000|100%| E|CS|TAMS 0x00000000ee800000, 0x00000000ee800000| Complete 
| 233|0x00000000ee900000, 0x00000000eea00000, 0x00000000eea00000|100%| E|CS|TAMS 0x00000000ee900000, 0x00000000ee900000| Complete 
| 234|0x00000000eea00000, 0x00000000eeb00000, 0x00000000eeb00000|100%| E|CS|TAMS 0x00000000eea00000, 0x00000000eea00000| Complete 
| 235|0x00000000eeb00000, 0x00000000eec00000, 0x00000000eec00000|100%| E|CS|TAMS 0x00000000eeb00000, 0x00000000eeb00000| Complete 
| 236|0x00000000eec00000, 0x00000000eed00000, 0x00000000eed00000|100%| E|CS|TAMS 0x00000000eec00000, 0x00000000eec00000| Complete 
| 237|0x00000000eed00000, 0x00000000eee00000, 0x00000000eee00000|100%| E|CS|TAMS 0x00000000eed00000, 0x00000000eed00000| Complete 
| 238|0x00000000eee00000, 0x00000000eef00000, 0x00000000eef00000|100%| E|CS|TAMS 0x00000000eee00000, 0x00000000eee00000| Complete 
| 239|0x00000000eef00000, 0x00000000ef000000, 0x00000000ef000000|100%| E|CS|TAMS 0x00000000eef00000, 0x00000000eef00000| Complete 
| 240|0x00000000ef000000, 0x00000000ef100000, 0x00000000ef100000|100%| E|CS|TAMS 0x00000000ef000000, 0x00000000ef000000| Complete 
| 241|0x00000000ef100000, 0x00000000ef200000, 0x00000000ef200000|100%| E|CS|TAMS 0x00000000ef100000, 0x00000000ef100000| Complete 
| 242|0x00000000ef200000, 0x00000000ef300000, 0x00000000ef300000|100%| E|CS|TAMS 0x00000000ef200000, 0x00000000ef200000| Complete 
| 243|0x00000000ef300000, 0x00000000ef400000, 0x00000000ef400000|100%| E|CS|TAMS 0x00000000ef300000, 0x00000000ef300000| Complete 
| 244|0x00000000ef400000, 0x00000000ef500000, 0x00000000ef500000|100%| E|CS|TAMS 0x00000000ef400000, 0x00000000ef400000| Complete 
| 245|0x00000000ef500000, 0x00000000ef600000, 0x00000000ef600000|100%| E|CS|TAMS 0x00000000ef500000, 0x00000000ef500000| Complete 
| 246|0x00000000ef600000, 0x00000000ef700000, 0x00000000ef700000|100%| E|CS|TAMS 0x00000000ef600000, 0x00000000ef600000| Complete 
| 247|0x00000000ef700000, 0x00000000ef800000, 0x00000000ef800000|100%| E|CS|TAMS 0x00000000ef700000, 0x00000000ef700000| Complete 
| 248|0x00000000ef800000, 0x00000000ef900000, 0x00000000ef900000|100%| E|CS|TAMS 0x00000000ef800000, 0x00000000ef800000| Complete 
| 249|0x00000000ef900000, 0x00000000efa00000, 0x00000000efa00000|100%| E|CS|TAMS 0x00000000ef900000, 0x00000000ef900000| Complete 
| 250|0x00000000efa00000, 0x00000000efb00000, 0x00000000efb00000|100%| E|CS|TAMS 0x00000000efa00000, 0x00000000efa00000| Complete 
| 251|0x00000000efb00000, 0x00000000efc00000, 0x00000000efc00000|100%| E|CS|TAMS 0x00000000efb00000, 0x00000000efb00000| Complete 
| 252|0x00000000efc00000, 0x00000000efd00000, 0x00000000efd00000|100%| E|CS|TAMS 0x00000000efc00000, 0x00000000efc00000| Complete 
| 253|0x00000000efd00000, 0x00000000efe00000, 0x00000000efe00000|100%| E|CS|TAMS 0x00000000efd00000, 0x00000000efd00000| Complete 
| 254|0x00000000efe00000, 0x00000000eff00000, 0x00000000eff00000|100%| E|CS|TAMS 0x00000000efe00000, 0x00000000efe00000| Complete 
| 255|0x00000000eff00000, 0x00000000f0000000, 0x00000000f0000000|100%| E|CS|TAMS 0x00000000eff00000, 0x00000000eff00000| Complete 
| 256|0x00000000f0000000, 0x00000000f0100000, 0x00000000f0100000|100%| O|  |TAMS 0x00000000f0100000, 0x00000000f0000000| Untracked 
| 257|0x00000000f0100000, 0x00000000f0200000, 0x00000000f0200000|100%| E|CS|TAMS 0x00000000f0100000, 0x00000000f0100000| Complete 
| 258|0x00000000f0200000, 0x00000000f0300000, 0x00000000f0300000|100%| O|  |TAMS 0x00000000f0300000, 0x00000000f0200000| Untracked 
| 259|0x00000000f0300000, 0x00000000f0400000, 0x00000000f0400000|100%| E|CS|TAMS 0x00000000f0300000, 0x00000000f0300000| Complete 
| 260|0x00000000f0400000, 0x00000000f0500000, 0x00000000f0500000|100%| E|CS|TAMS 0x00000000f0400000, 0x00000000f0400000| Complete 
| 261|0x00000000f0500000, 0x00000000f0600000, 0x00000000f0600000|100%| E|CS|TAMS 0x00000000f0500000, 0x00000000f0500000| Complete 
| 262|0x00000000f0600000, 0x00000000f0700000, 0x00000000f0700000|100%| E|CS|TAMS 0x00000000f0600000, 0x00000000f0600000| Complete 
| 263|0x00000000f0700000, 0x00000000f0800000, 0x00000000f0800000|100%| O|  |TAMS 0x00000000f0800000, 0x00000000f0700000| Untracked 

Card table byte_map: [0x000002b7fc700000,0x000002b7fc800000] _byte_map_base: 0x000002b7fc000000

Marking Bits (Prev, Next): (CMBitMap*) 0x000002b7e4f769c8, (CMBitMap*) 0x000002b7e4f76a00
 Prev Bits: [0x000002b7fc900000, 0x000002b7fd100000)
 Next Bits: [0x000002b7fd100000, 0x000002b7fd900000)

Polling page: 0x000002b7e2dd0000

Metaspace:

Usage:
  Non-class:     51.49 MB capacity,    50.25 MB ( 98%) used,     1.04 MB (  2%) free+waste,   212.25 KB ( <1%) overhead. 
      Class:      8.11 MB capacity,     7.39 MB ( 91%) used,   642.37 KB (  8%) free+waste,   101.38 KB (  1%) overhead. 
       Both:     59.61 MB capacity,    57.63 MB ( 97%) used,     1.67 MB (  3%) free+waste,   313.62 KB ( <1%) overhead. 

Virtual space:
  Non-class space:       52.00 MB reserved,      51.68 MB (>99%) committed 
      Class space:      376.00 MB reserved,       8.20 MB (  2%) committed 
             Both:      428.00 MB reserved,      59.88 MB ( 14%) committed 

Chunk freelists:
   Non-Class:  76.00 KB
       Class:  42.00 KB
        Both:  118.00 KB

MaxMetaspaceSize: 384.00 MB
CompressedClassSpaceSize: 376.00 MB
Initial GC threshold: 20.80 MB
Current GC threshold: 99.79 MB
CDS: off

CodeHeap 'non-profiled nmethods': size=120064Kb used=7790Kb max_used=7790Kb free=112273Kb
 bounds [0x000002b7f51c0000, 0x000002b7f5960000, 0x000002b7fc700000]
CodeHeap 'profiled nmethods': size=120000Kb used=19137Kb max_used=19137Kb free=100862Kb
 bounds [0x000002b7edc90000, 0x000002b7eef50000, 0x000002b7f51c0000]
CodeHeap 'non-nmethods': size=5696Kb used=2323Kb max_used=2388Kb free=3372Kb
 bounds [0x000002b7ed700000, 0x000002b7ed970000, 0x000002b7edc90000]
 total_blobs=9004 nmethods=8187 adapters=729
 compilation: enabled
              stopped_count=0, restarted_count=0
 full_count=0

Compilation events (20 events):
Event: 31.288 Thread 0x000002b780861800 8345       3       org.gradle.internal.classpath.transforms.InstrumentingBackwardsCompatibilityVisitor$BackwardCompatibilityMethodVisitor::visitInvokeDynamicInsn (31 bytes)
Event: 31.289 Thread 0x000002b780861800 nmethod 8345 0x000002b7eef3ce90 code [0x000002b7eef3d0c0, 0x000002b7eef3d778]
Event: 31.289 Thread 0x000002b780861800 8346       3       org.gradle.internal.classpath.transforms.LambdaSerializationTransformer::isPrimitiveArgument (56 bytes)
Event: 31.289 Thread 0x000002b780861800 nmethod 8346 0x000002b7eef3da90 code [0x000002b7eef3dc40, 0x000002b7eef3ded8]
Event: 31.303 Thread 0x000002b780861800 8347       3       com.google.common.collect.Iterators$PeekingImpl::peek (33 bytes)
Event: 31.303 Thread 0x000002b780861800 nmethod 8347 0x000002b7eef3df90 code [0x000002b7eef3e160, 0x000002b7eef3e428]
Event: 31.303 Thread 0x000002b780861800 8348       3       org.gradle.internal.classpath.transforms.LambdaSerializationTransformer::getEstimatedSingleLambdaHandlingCodeLength (48 bytes)
Event: 31.304 Thread 0x000002b780861800 nmethod 8348 0x000002b7eef3e510 code [0x000002b7eef3e6e0, 0x000002b7eef3e9a8]
Event: 31.304 Thread 0x000002b780861800 8349       3       com.google.common.collect.Iterators$PeekingImpl::next (37 bytes)
Event: 31.304 Thread 0x000002b780861800 nmethod 8349 0x000002b7eef3eb10 code [0x000002b7eef3ece0, 0x000002b7eef3ef68]
Event: 31.304 Thread 0x000002b780861800 8350       3       org.objectweb.asm.commons.CodeSizeEvaluator::visitJumpInsn (55 bytes)
Event: 31.304 Thread 0x000002b780861800 nmethod 8350 0x000002b7eef3f090 code [0x000002b7eef3f260, 0x000002b7eef3f568]
Event: 31.305 Thread 0x000002b780861800 8351       3       org.objectweb.asm.commons.CodeSizeEvaluator::visitInvokeDynamicInsn (30 bytes)
Event: 31.305 Thread 0x000002b780861800 nmethod 8351 0x000002b7eef3f690 code [0x000002b7eef3f840, 0x000002b7eef3f988]
Event: 31.317 Thread 0x000002b780861800 8354       3       org.gradle.internal.classpath.transforms.InstrumentingClassTransform$InstrumentingMethodVisitor::isGroovyIndyCallsite (57 bytes)
Event: 31.318 Thread 0x000002b780861800 nmethod 8354 0x000002b7eef3fa90 code [0x000002b7eef3fca0, 0x000002b7eef40138]
Event: 31.353 Thread 0x000002b780861800 8356       3       org.apache.commons.compress.archivers.zip.ZipArchiveOutputStream$EntryMetaData::<init> (7 bytes)
Event: 31.353 Thread 0x000002b780861800 nmethod 8356 0x000002b7eef40310 code [0x000002b7eef404c0, 0x000002b7eef40678]
Event: 31.409 Thread 0x000002b7832f5800 nmethod 8341 0x000002b7f5957d90 code [0x000002b7f5958040, 0x000002b7f595a6f0]
Event: 31.409 Thread 0x000002b7832f5800 8358       4       org.apache.commons.compress.archivers.zip.ZipArchiveOutputStream::createLocalFileHeader (528 bytes)

GC Heap History (20 events):
Event: 24.114 GC heap before
{Heap before GC invocations=20 (full 0):
 garbage-first heap   total 262144K, used 224740K [0x00000000e0000000, 0x0000000100000000)
  region size 1024K, 153 young (156672K), 4 survivors (4096K)
 Metaspace       used 58432K, capacity 60432K, committed 60800K, reserved 438272K
  class space    used 7565K, capacity 8317K, committed 8396K, reserved 385024K
}
Event: 24.121 GC heap after
{Heap after GC invocations=21 (full 0):
 garbage-first heap   total 262144K, used 70141K [0x00000000e0000000, 0x0000000100000000)
  region size 1024K, 4 young (4096K), 4 survivors (4096K)
 Metaspace       used 58432K, capacity 60432K, committed 60800K, reserved 438272K
  class space    used 7565K, capacity 8317K, committed 8396K, reserved 385024K
}
Event: 24.997 GC heap before
{Heap before GC invocations=21 (full 0):
 garbage-first heap   total 262144K, used 222717K [0x00000000e0000000, 0x0000000100000000)
  region size 1024K, 153 young (156672K), 4 survivors (4096K)
 Metaspace       used 58751K, capacity 60787K, committed 61056K, reserved 438272K
  class space    used 7588K, capacity 8347K, committed 8396K, reserved 385024K
}
Event: 25.012 GC heap after
{Heap after GC invocations=22 (full 0):
 garbage-first heap   total 262144K, used 74020K [0x00000000e0000000, 0x0000000100000000)
  region size 1024K, 8 young (8192K), 8 survivors (8192K)
 Metaspace       used 58751K, capacity 60787K, committed 61056K, reserved 438272K
  class space    used 7588K, capacity 8347K, committed 8396K, reserved 385024K
}
Event: 25.578 GC heap before
{Heap before GC invocations=22 (full 0):
 garbage-first heap   total 262144K, used 221476K [0x00000000e0000000, 0x0000000100000000)
  region size 1024K, 153 young (156672K), 8 survivors (8192K)
 Metaspace       used 58769K, capacity 60788K, committed 61056K, reserved 438272K
  class space    used 7588K, capacity 8347K, committed 8396K, reserved 385024K
}
Event: 25.594 GC heap after
{Heap after GC invocations=23 (full 0):
 garbage-first heap   total 262144K, used 80076K [0x00000000e0000000, 0x0000000100000000)
  region size 1024K, 14 young (14336K), 14 survivors (14336K)
 Metaspace       used 58769K, capacity 60788K, committed 61056K, reserved 438272K
  class space    used 7588K, capacity 8347K, committed 8396K, reserved 385024K
}
Event: 25.915 GC heap before
{Heap before GC invocations=23 (full 0):
 garbage-first heap   total 262144K, used 220364K [0x00000000e0000000, 0x0000000100000000)
  region size 1024K, 151 young (154624K), 14 survivors (14336K)
 Metaspace       used 58771K, capacity 60788K, committed 61056K, reserved 438272K
  class space    used 7588K, capacity 8347K, committed 8396K, reserved 385024K
}
Event: 25.935 GC heap after
{Heap after GC invocations=24 (full 0):
 garbage-first heap   total 262144K, used 87328K [0x00000000e0000000, 0x0000000100000000)
  region size 1024K, 14 young (14336K), 14 survivors (14336K)
 Metaspace       used 58771K, capacity 60788K, committed 61056K, reserved 438272K
  class space    used 7588K, capacity 8347K, committed 8396K, reserved 385024K
}
Event: 26.856 GC heap before
{Heap before GC invocations=24 (full 0):
 garbage-first heap   total 262144K, used 223520K [0x00000000e0000000, 0x0000000100000000)
  region size 1024K, 144 young (147456K), 14 survivors (14336K)
 Metaspace       used 58996K, capacity 61064K, committed 61312K, reserved 438272K
  class space    used 7588K, capacity 8347K, committed 8396K, reserved 385024K
}
Event: 26.919 GC heap after
{Heap after GC invocations=25 (full 0):
 garbage-first heap   total 270336K, used 122697K [0x00000000e0000000, 0x0000000100000000)
  region size 1024K, 18 young (18432K), 18 survivors (18432K)
 Metaspace       used 58996K, capacity 61064K, committed 61312K, reserved 438272K
  class space    used 7588K, capacity 8347K, committed 8396K, reserved 385024K
}
Event: 27.634 GC heap before
{Heap before GC invocations=25 (full 0):
 garbage-first heap   total 270336K, used 211785K [0x00000000e0000000, 0x0000000100000000)
  region size 1024K, 105 young (107520K), 18 survivors (18432K)
 Metaspace       used 59016K, capacity 61076K, committed 61312K, reserved 438272K
  class space    used 7589K, capacity 8349K, committed 8396K, reserved 385024K
}
Event: 27.659 GC heap after
{Heap after GC invocations=26 (full 0):
 garbage-first heap   total 270336K, used 125440K [0x00000000e0000000, 0x0000000100000000)
  region size 1024K, 2 young (2048K), 2 survivors (2048K)
 Metaspace       used 59016K, capacity 61076K, committed 61312K, reserved 438272K
  class space    used 7589K, capacity 8349K, committed 8396K, reserved 385024K
}
Event: 28.491 GC heap before
{Heap before GC invocations=26 (full 0):
 garbage-first heap   total 270336K, used 211456K [0x00000000e0000000, 0x0000000100000000)
  region size 1024K, 88 young (90112K), 2 survivors (2048K)
 Metaspace       used 59060K, capacity 61146K, committed 61312K, reserved 438272K
  class space    used 7589K, capacity 8349K, committed 8396K, reserved 385024K
}
Event: 28.556 GC heap after
{Heap after GC invocations=27 (full 0):
 garbage-first heap   total 270336K, used 138752K [0x00000000e0000000, 0x0000000100000000)
  region size 1024K, 12 young (12288K), 12 survivors (12288K)
 Metaspace       used 59060K, capacity 61146K, committed 61312K, reserved 438272K
  class space    used 7589K, capacity 8349K, committed 8396K, reserved 385024K
}
Event: 29.736 GC heap before
{Heap before GC invocations=28 (full 0):
 garbage-first heap   total 270336K, used 182784K [0x00000000e0000000, 0x0000000100000000)
  region size 1024K, 86 young (88064K), 12 survivors (12288K)
 Metaspace       used 59014K, capacity 61035K, committed 61312K, reserved 438272K
  class space    used 7564K, capacity 8308K, committed 8396K, reserved 385024K
}
Event: 29.760 GC heap after
{Heap after GC invocations=29 (full 0):
 garbage-first heap   total 270336K, used 118058K [0x00000000e0000000, 0x0000000100000000)
  region size 1024K, 11 young (11264K), 11 survivors (11264K)
 Metaspace       used 59014K, capacity 61035K, committed 61312K, reserved 438272K
  class space    used 7564K, capacity 8308K, committed 8396K, reserved 385024K
}
Event: 29.785 GC heap before
{Heap before GC invocations=29 (full 0):
 garbage-first heap   total 270336K, used 120106K [0x00000000e0000000, 0x0000000100000000)
  region size 1024K, 13 young (13312K), 11 survivors (11264K)
 Metaspace       used 59014K, capacity 61035K, committed 61312K, reserved 438272K
  class space    used 7564K, capacity 8308K, committed 8396K, reserved 385024K
}
Event: 29.798 GC heap after
{Heap after GC invocations=30 (full 0):
 garbage-first heap   total 270336K, used 113071K [0x00000000e0000000, 0x0000000100000000)
  region size 1024K, 2 young (2048K), 2 survivors (2048K)
 Metaspace       used 59014K, capacity 61035K, committed 61312K, reserved 438272K
  class space    used 7564K, capacity 8308K, committed 8396K, reserved 385024K
}
Event: 30.734 GC heap before
{Heap before GC invocations=30 (full 0):
 garbage-first heap   total 270336K, used 198063K [0x00000000e0000000, 0x0000000100000000)
  region size 1024K, 85 young (87040K), 2 survivors (2048K)
 Metaspace       used 59015K, capacity 61036K, committed 61312K, reserved 438272K
  class space    used 7564K, capacity 8308K, committed 8396K, reserved 385024K
}
Event: 30.738 GC heap after
{Heap after GC invocations=31 (full 0):
 garbage-first heap   total 270336K, used 112559K [0x00000000e0000000, 0x0000000100000000)
  region size 1024K, 1 young (1024K), 1 survivors (1024K)
 Metaspace       used 59015K, capacity 61036K, committed 61312K, reserved 438272K
  class space    used 7564K, capacity 8308K, committed 8396K, reserved 385024K
}

Deoptimization events (20 events):
Event: 31.289 Thread 0x000002b780aff800 DEOPT PACKING pc=0x000002b7eea79c2a sp=0x000000d5679fb800
Event: 31.289 Thread 0x000002b780aff800 DEOPT UNPACKING pc=0x000002b7ed749d0e sp=0x000000d5679fac18 mode 0
Event: 31.302 Thread 0x000002b780aff800 DEOPT PACKING pc=0x000002b7eebd2b13 sp=0x000000d5679fb8f0
Event: 31.302 Thread 0x000002b780aff800 DEOPT UNPACKING pc=0x000002b7ed749d0e sp=0x000000d5679faf70 mode 0
Event: 31.316 Thread 0x000002b780aff800 DEOPT PACKING pc=0x000002b7eebd2b13 sp=0x000000d5679fb8f0
Event: 31.316 Thread 0x000002b780aff800 DEOPT UNPACKING pc=0x000002b7ed749d0e sp=0x000000d5679faf70 mode 0
Event: 31.334 Thread 0x000002b780aff800 DEOPT PACKING pc=0x000002b7eebd0e7a sp=0x000000d5679fb8f0
Event: 31.334 Thread 0x000002b780aff800 DEOPT UNPACKING pc=0x000002b7ed749d0e sp=0x000000d5679faf70 mode 0
Event: 31.341 Thread 0x000002b780aff800 DEOPT PACKING pc=0x000002b7eebd0e7a sp=0x000000d5679fb8f0
Event: 31.341 Thread 0x000002b780aff800 DEOPT UNPACKING pc=0x000002b7ed749d0e sp=0x000000d5679faf70 mode 0
Event: 31.358 Thread 0x000002b780aff800 DEOPT PACKING pc=0x000002b7eebd2b13 sp=0x000000d5679fb8f0
Event: 31.358 Thread 0x000002b780aff800 DEOPT UNPACKING pc=0x000002b7ed749d0e sp=0x000000d5679faf70 mode 0
Event: 31.369 Thread 0x000002b780aff800 DEOPT PACKING pc=0x000002b7eebd0e7a sp=0x000000d5679fb8f0
Event: 31.369 Thread 0x000002b780aff800 DEOPT UNPACKING pc=0x000002b7ed749d0e sp=0x000000d5679faf70 mode 0
Event: 31.393 Thread 0x000002b780aff800 DEOPT PACKING pc=0x000002b7eebd1a98 sp=0x000000d5679fb8f0
Event: 31.394 Thread 0x000002b780aff800 DEOPT UNPACKING pc=0x000002b7ed749d0e sp=0x000000d5679faf70 mode 0
Event: 31.404 Thread 0x000002b780aff800 DEOPT PACKING pc=0x000002b7eebd183f sp=0x000000d5679fb8f0
Event: 31.404 Thread 0x000002b780aff800 DEOPT UNPACKING pc=0x000002b7ed749d0e sp=0x000000d5679faf70 mode 0
Event: 31.434 Thread 0x000002b780aff800 DEOPT PACKING pc=0x000002b7eebd2b13 sp=0x000000d5679fb8f0
Event: 31.434 Thread 0x000002b780aff800 DEOPT UNPACKING pc=0x000002b7ed749d0e sp=0x000000d5679faf70 mode 0

Classes redefined (0 events):
No events

Internal exceptions (20 events):
Event: 24.660 Thread 0x000002b78302a800 Exception <a 'sun/nio/fs/WindowsException'{0x00000000e91899c8}> (0x00000000e91899c8) thrown at [s\src\hotspot\share\prims\jni.cpp, line 617]
Event: 24.663 Thread 0x000002b78302a800 Exception <a 'sun/nio/fs/WindowsException'{0x00000000e919ba08}> (0x00000000e919ba08) thrown at [s\src\hotspot\share\prims\jni.cpp, line 617]
Event: 24.671 Thread 0x000002b78302a800 Exception <a 'sun/nio/fs/WindowsException'{0x00000000e91a63b8}> (0x00000000e91a63b8) thrown at [s\src\hotspot\share\prims\jni.cpp, line 617]
Event: 24.719 Thread 0x000002b782c0c000 Exception <a 'sun/nio/fs/WindowsException'{0x00000000e9018eb0}> (0x00000000e9018eb0) thrown at [s\src\hotspot\share\prims\jni.cpp, line 617]
Event: 24.720 Thread 0x000002b782c0c000 Exception <a 'sun/nio/fs/WindowsException'{0x00000000e9019518}> (0x00000000e9019518) thrown at [s\src\hotspot\share\prims\jni.cpp, line 617]
Event: 24.722 Thread 0x000002b782c0c000 Exception <a 'sun/nio/fs/WindowsException'{0x00000000e902d8a8}> (0x00000000e902d8a8) thrown at [s\src\hotspot\share\prims\jni.cpp, line 617]
Event: 24.725 Thread 0x000002b782c0c000 Exception <a 'sun/nio/fs/WindowsException'{0x00000000e903d290}> (0x00000000e903d290) thrown at [s\src\hotspot\share\prims\jni.cpp, line 617]
Event: 24.809 Thread 0x000002b782c0c000 Exception <a 'sun/nio/fs/WindowsException'{0x00000000e904e5d8}> (0x00000000e904e5d8) thrown at [s\src\hotspot\share\prims\jni.cpp, line 617]
Event: 24.840 Thread 0x000002b78302a800 Exception <a 'java/lang/ClassNotFoundException'{0x00000000e909c2e8}: ijInit1_bf6mh7a1x9afcdw40dx5hzd0gBeanInfo> (0x00000000e909c2e8) thrown at [s\src\hotspot\share\classfile\systemDictionary.cpp, line 230]
Event: 24.841 Thread 0x000002b78302a800 Exception <a 'java/lang/ClassNotFoundException'{0x00000000e90ab6e0}: ijInit1_bf6mh7a1x9afcdw40dx5hzd0gCustomizer> (0x00000000e90ab6e0) thrown at [s\src\hotspot\share\classfile\systemDictionary.cpp, line 230]
Event: 24.864 Thread 0x000002b78302a800 Exception <a 'java/lang/ClassNotFoundException'{0x00000000e8f08468}: ijInit1_bf6mh7a1x9afcdw40dx5hzd0g$_run_closure1BeanInfo> (0x00000000e8f08468) thrown at [s\src\hotspot\share\classfile\systemDictionary.cpp, line 230]
Event: 24.864 Thread 0x000002b78302a800 Exception <a 'java/lang/ClassNotFoundException'{0x00000000e8f0faa0}: ijInit1_bf6mh7a1x9afcdw40dx5hzd0g$_run_closure1Customizer> (0x00000000e8f0faa0) thrown at [s\src\hotspot\share\classfile\systemDictionary.cpp, line 230]
Event: 26.375 Thread 0x000002b780b05000 Implicit null exception at 0x000002b7f586115d to 0x000002b7f5861fc8
Event: 26.696 Thread 0x000002b780b01000 Exception <a 'sun/nio/fs/WindowsException'{0x00000000e9db1258}> (0x00000000e9db1258) thrown at [s\src\hotspot\share\prims\jni.cpp, line 617]
Event: 27.114 Thread 0x000002b78302a800 Exception <a 'sun/nio/fs/WindowsException'{0x00000000eff06e98}> (0x00000000eff06e98) thrown at [s\src\hotspot\share\prims\jni.cpp, line 617]
Event: 27.395 Thread 0x000002b780b05000 Exception <a 'sun/nio/fs/WindowsException'{0x00000000ef41c550}> (0x00000000ef41c550) thrown at [s\src\hotspot\share\prims\jni.cpp, line 617]
Event: 28.419 Thread 0x000002b780b01000 Exception <a 'sun/nio/fs/WindowsException'{0x00000000ef71c850}> (0x00000000ef71c850) thrown at [s\src\hotspot\share\prims\jni.cpp, line 617]
Event: 28.783 Thread 0x000002b78302a800 Exception <a 'sun/nio/fs/WindowsException'{0x00000000effb6e10}> (0x00000000effb6e10) thrown at [s\src\hotspot\share\prims\jni.cpp, line 617]
Event: 28.784 Thread 0x000002b780b05000 Exception <a 'sun/nio/fs/WindowsException'{0x00000000efca91c0}> (0x00000000efca91c0) thrown at [s\src\hotspot\share\prims\jni.cpp, line 617]
Event: 29.297 Thread 0x000002b780aff800 Exception <a 'sun/nio/fs/WindowsException'{0x00000000ef4656f0}> (0x00000000ef4656f0) thrown at [s\src\hotspot\share\prims\jni.cpp, line 617]

Events (20 events):
Event: 28.184 Executing VM operation: RevokeBias done
Event: 28.491 Executing VM operation: G1CollectForAllocation
Event: 28.556 Executing VM operation: G1CollectForAllocation done
Event: 28.675 Executing VM operation: CGC_Operation
Event: 28.694 Executing VM operation: CGC_Operation done
Event: 28.745 Executing VM operation: CGC_Operation
Event: 28.745 Executing VM operation: CGC_Operation done
Event: 29.188 Thread 0x000002b7832f5800 Thread exited: 0x000002b7832f5800
Event: 29.289 Loaded shared library C:\Users\user\.jdks\corretto-11.0.28\bin\java.dll
Event: 29.362 Thread 0x000002b7832f5800 Thread added: 0x000002b7832f5800
Event: 29.471 Executing VM operation: ICBufferFull
Event: 29.471 Executing VM operation: ICBufferFull done
Event: 29.586 loading class org/objectweb/asm/tree/ParameterNode
Event: 29.586 loading class org/objectweb/asm/tree/ParameterNode done
Event: 29.735 Executing VM operation: G1CollectForAllocation
Event: 29.760 Executing VM operation: G1CollectForAllocation done
Event: 29.784 Executing VM operation: G1CollectForAllocation
Event: 29.798 Executing VM operation: G1CollectForAllocation done
Event: 30.734 Executing VM operation: G1CollectForAllocation
Event: 30.738 Executing VM operation: G1CollectForAllocation done


Dynamic libraries:
0x00007ff63a950000 - 0x00007ff63a95e000 	C:\Users\user\.jdks\corretto-11.0.28\bin\java.exe
0x00007ffe00df0000 - 0x00007ffe00fe8000 	C:\Windows\SYSTEM32\ntdll.dll
0x00007ffdff070000 - 0x00007ffdff132000 	C:\Windows\System32\KERNEL32.DLL
0x00007ffdfe910000 - 0x00007ffdfec06000 	C:\Windows\System32\KERNELBASE.dll
0x00007ffdfe5f0000 - 0x00007ffdfe6f0000 	C:\Windows\System32\ucrtbase.dll
0x00007ffdf6ff0000 - 0x00007ffdf700b000 	C:\Users\user\.jdks\corretto-11.0.28\bin\VCRUNTIME140.dll
0x00007ffdf6fd0000 - 0x00007ffdf6fe7000 	C:\Users\user\.jdks\corretto-11.0.28\bin\jli.dll
0x00007ffdff750000 - 0x00007ffdff8f1000 	C:\Windows\System32\USER32.dll
0x00007ffdfe8e0000 - 0x00007ffdfe902000 	C:\Windows\System32\win32u.dll
0x00007ffdde9b0000 - 0x00007ffddec4b000 	C:\Windows\WinSxS\amd64_microsoft.windows.common-controls_6595b64144ccf1df_6.0.19041.6456_none_60b8a6cb71f64256\COMCTL32.dll
0x00007ffdffa20000 - 0x00007ffdffa4b000 	C:\Windows\System32\GDI32.dll
0x00007ffe00be0000 - 0x00007ffe00c7e000 	C:\Windows\System32\msvcrt.dll
0x00007ffdfecf0000 - 0x00007ffdfee09000 	C:\Windows\System32\gdi32full.dll
0x00007ffdfe550000 - 0x00007ffdfe5ed000 	C:\Windows\System32\msvcp_win.dll
0x00007ffdfef30000 - 0x00007ffdfef5f000 	C:\Windows\System32\IMM32.DLL
0x0000000068e80000 - 0x0000000068e8c000 	C:\Program Files (x86)\360\Total Security\safemon\SafeWrapper.dll
0x00007ffe00960000 - 0x00007ffe00a11000 	C:\Windows\System32\ADVAPI32.dll
0x00007ffe008c0000 - 0x00007ffe0095f000 	C:\Windows\System32\sechost.dll
0x00007ffdfee10000 - 0x00007ffdfef30000 	C:\Windows\System32\RPCRT4.dll
0x00007ffdfecc0000 - 0x00007ffdfece7000 	C:\Windows\System32\bcrypt.dll
0x00007ffdbb420000 - 0x00007ffdbb4cc000 	C:\Program Files (x86)\360\Total Security\safemon\libzdtp64.dll
0x00007ffdffb60000 - 0x00007ffe002d0000 	C:\Windows\System32\SHELL32.dll
0x00007ffe00d50000 - 0x00007ffe00dab000 	C:\Windows\System32\SHLWAPI.dll
0x00007ffdfdf00000 - 0x00007ffdfdf0a000 	C:\Windows\SYSTEM32\VERSION.dll
0x00007ffdf7590000 - 0x00007ffdf759c000 	C:\Users\user\.jdks\corretto-11.0.28\bin\vcruntime140_1.dll
0x00007ffdf6f40000 - 0x00007ffdf6fcd000 	C:\Users\user\.jdks\corretto-11.0.28\bin\msvcp140.dll
0x00007ffd8d870000 - 0x00007ffd8e435000 	C:\Users\user\.jdks\corretto-11.0.28\bin\server\jvm.dll
0x00007ffdff9b0000 - 0x00007ffdffa1b000 	C:\Windows\System32\WS2_32.dll
0x00007ffe002e0000 - 0x00007ffe002e8000 	C:\Windows\System32\PSAPI.DLL
0x00007ffde4150000 - 0x00007ffde4177000 	C:\Windows\SYSTEM32\WINMM.dll
0x00007ffdfcf90000 - 0x00007ffdfcfa2000 	C:\Windows\SYSTEM32\kernel.appcore.dll
0x00007ffdf6f30000 - 0x00007ffdf6f40000 	C:\Users\user\.jdks\corretto-11.0.28\bin\verify.dll
0x00007ffdf8930000 - 0x00007ffdf8b31000 	C:\Windows\SYSTEM32\DBGHELP.DLL
0x00007ffdf1ea0000 - 0x00007ffdf1ed4000 	C:\Windows\SYSTEM32\dbgcore.DLL
0x00007ffdfe6f0000 - 0x00007ffdfe772000 	C:\Windows\System32\bcryptPrimitives.dll
0x00007ffdf6f00000 - 0x00007ffdf6f28000 	C:\Users\user\.jdks\corretto-11.0.28\bin\java.dll
0x00007ffdf54c0000 - 0x00007ffdf54ca000 	C:\Users\user\.jdks\corretto-11.0.28\bin\jimage.dll
0x00007ffdf46d0000 - 0x00007ffdf46de000 	C:\Users\user\.jdks\corretto-11.0.28\bin\instrument.dll
0x00007ffdf3690000 - 0x00007ffdf36a8000 	C:\Users\user\.jdks\corretto-11.0.28\bin\zip.dll
0x00007ffdfc120000 - 0x00007ffdfc8c5000 	C:\Windows\SYSTEM32\windows.storage.dll
0x00007ffe003d0000 - 0x00007ffe00724000 	C:\Windows\System32\combase.dll
0x00007ffdfdd60000 - 0x00007ffdfdd8b000 	C:\Windows\SYSTEM32\Wldp.dll
0x00007ffe00c80000 - 0x00007ffe00d4d000 	C:\Windows\System32\OLEAUT32.dll
0x00007ffdff900000 - 0x00007ffdff9ad000 	C:\Windows\System32\SHCORE.dll
0x00007ffdfe3b0000 - 0x00007ffdfe3d4000 	C:\Windows\SYSTEM32\profapi.dll
0x00007ffde0bf0000 - 0x00007ffde0c09000 	C:\Users\user\.jdks\corretto-11.0.28\bin\net.dll
0x00007ffdea500000 - 0x00007ffdea60a000 	C:\Windows\SYSTEM32\WINHTTP.dll
0x00007ffdfdac0000 - 0x00007ffdfdb2a000 	C:\Windows\system32\mswsock.dll
0x00007ffddeca0000 - 0x00007ffddecb2000 	C:\Users\user\.jdks\corretto-11.0.28\bin\nio.dll
0x00007ffdc0b30000 - 0x00007ffdc0b57000 	C:\Users\user\.gradle\native\c067742578af261105cb4f569cf0c3c89f3d7b1fecec35dd04571415982c5e48\windows-amd64\native-platform.dll
0x00007ffdba9a0000 - 0x00007ffdbaae4000 	C:\Users\user\.gradle\native\100fb08df4bc3b14c8652ba06237920a3bd2aa13389f12d3474272988ae205f9\windows-amd64\native-platform-file-events.dll
0x00007ffdf36c0000 - 0x00007ffdf36c9000 	C:\Users\user\.jdks\corretto-11.0.28\bin\management.dll
0x00007ffdf3670000 - 0x00007ffdf367b000 	C:\Users\user\.jdks\corretto-11.0.28\bin\management_ext.dll
0x00007ffdfdcc0000 - 0x00007ffdfdcd8000 	C:\Windows\SYSTEM32\CRYPTSP.dll
0x00007ffdfd3e0000 - 0x00007ffdfd418000 	C:\Windows\system32\rsaenh.dll
0x00007ffdfe330000 - 0x00007ffdfe35e000 	C:\Windows\SYSTEM32\USERENV.dll
0x00007ffdfdcb0000 - 0x00007ffdfdcbc000 	C:\Windows\SYSTEM32\CRYPTBASE.dll
0x00007ffdfd7a0000 - 0x00007ffdfd7db000 	C:\Windows\SYSTEM32\IPHLPAPI.DLL
0x00007ffe002d0000 - 0x00007ffe002d8000 	C:\Windows\System32\NSI.dll
0x00007ffdf13f0000 - 0x00007ffdf1407000 	C:\Windows\SYSTEM32\dhcpcsvc6.DLL
0x00007ffdf2310000 - 0x00007ffdf232d000 	C:\Windows\SYSTEM32\dhcpcsvc.DLL
0x00007ffdfd7e0000 - 0x00007ffdfd8aa000 	C:\Windows\SYSTEM32\DNSAPI.dll
0x00007ffdfd630000 - 0x00007ffdfd663000 	C:\Windows\SYSTEM32\ntmarta.dll

dbghelp: loaded successfully - version: 4.0.5 - missing functions: none
symbol engine: initialized successfully - sym options: 0x614 - pdb path: .;C:\Users\user\.jdks\corretto-11.0.28\bin;C:\Windows\SYSTEM32;C:\Windows\WinSxS\amd64_microsoft.windows.common-controls_6595b64144ccf1df_6.0.19041.6456_none_60b8a6cb71f64256;C:\Program Files (x86)\360\Total Security\safemon;C:\Users\user\.jdks\corretto-11.0.28\bin\server;C:\Users\user\.gradle\native\c067742578af261105cb4f569cf0c3c89f3d7b1fecec35dd04571415982c5e48\windows-amd64;C:\Users\user\.gradle\native\100fb08df4bc3b14c8652ba06237920a3bd2aa13389f12d3474272988ae205f9\windows-amd64

VM Arguments:
jvm_args: --add-opens=java.base/java.util=ALL-UNNAMED --add-opens=java.base/java.lang=ALL-UNNAMED --add-opens=java.base/java.lang.invoke=ALL-UNNAMED --add-opens=java.prefs/java.util.prefs=ALL-UNNAMED --add-opens=java.base/java.nio.charset=ALL-UNNAMED --add-opens=java.base/java.net=ALL-UNNAMED --add-opens=java.base/java.util.concurrent.atomic=ALL-UNNAMED -XX:MaxMetaspaceSize=384m -XX:+HeapDumpOnOutOfMemoryError -Xms256m -Xmx512m -Dfile.encoding=UTF-8 -Duser.country=RU -Duser.language=ru -Duser.variant -javaagent:C:\Users\user\.gradle\wrapper\dists\gradle-8.8-bin\dl7vupf4psengwqhwktix4v1\gradle-8.8\lib\agents\gradle-instrumentation-agent-8.8.jar 
java_command: org.gradle.launcher.daemon.bootstrap.GradleDaemon 8.8
java_class_path (initial): C:\Users\user\.gradle\wrapper\dists\gradle-8.8-bin\dl7vupf4psengwqhwktix4v1\gradle-8.8\lib\gradle-launcher-8.8.jar
Launcher Type: SUN_STANDARD

[Global flags]
     intx CICompilerCount                          = 3                                         {product} {ergonomic}
   size_t CompressedClassSpaceSize                 = 394264576                                 {product} {ergonomic}
     uint ConcGCThreads                            = 1                                         {product} {ergonomic}
     uint G1ConcRefinementThreads                  = 4                                         {product} {ergonomic}
   size_t G1HeapRegionSize                         = 1048576                                   {product} {ergonomic}
    uintx GCDrainStackTargetSize                   = 64                                        {product} {ergonomic}
     bool HeapDumpOnOutOfMemoryError               = true                                   {manageable} {command line}
   size_t InitialHeapSize                          = 268435456                                 {product} {command line}
   size_t MarkStackSize                            = 4194304                                   {product} {ergonomic}
   size_t MaxHeapSize                              = 536870912                                 {product} {command line}
   size_t MaxMetaspaceSize                         = 402653184                                 {product} {command line}
   size_t MaxNewSize                               = 321912832                                 {product} {ergonomic}
   size_t MinHeapDeltaBytes                        = 1048576                                   {product} {ergonomic}
    uintx NonNMethodCodeHeapSize                   = 5830732                                {pd product} {ergonomic}
    uintx NonProfiledCodeHeapSize                  = 122913754                              {pd product} {ergonomic}
    uintx ProfiledCodeHeapSize                     = 122913754                              {pd product} {ergonomic}
    uintx ReservedCodeCacheSize                    = 251658240                              {pd product} {ergonomic}
     bool SegmentedCodeCache                       = true                                      {product} {ergonomic}
     bool UseCompressedClassPointers               = true                                 {lp64_product} {ergonomic}
     bool UseCompressedOops                        = true                                 {lp64_product} {ergonomic}
     bool UseG1GC                                  = true                                      {product} {ergonomic}
     bool UseLargePagesIndividualAllocation        = false                                  {pd product} {ergonomic}

Logging:
Log output configuration:
 #0: stdout all=warning uptime,level,tags
 #1: stderr all=off uptime,level,tags

Environment Variables:
JAVA_HOME=C:\Program Files\Eclipse Adoptium\jdk-11.0.27.6-hotspot\bin
PATH=C:\Program Files\Eclipse Adoptium\jdk-11.0.27.6-hotspot\bin;C:\Windows\system32;C:\Windows;C:\Windows\System32\Wbem;C:\Windows\System32\WindowsPowerShell\v1.0\;C:\Windows\System32\OpenSSH\;C:\Program Files\Git\cmd;C:\Program Files\PowerShell\7\;C:\Users\user\AppData\Local\Microsoft\WindowsApps;C:\Users\user\AppData\Local\Programs\Microsoft VS Code\bin;%JAVA_HOME%\bin;C:\Users\user\AppData\Local\JetBrains\Toolbox\scripts
USERNAME=user
OS=Windows_NT
PROCESSOR_IDENTIFIER=Intel64 Family 6 Model 126 Stepping 5, GenuineIntel
TMP=C:\Users\user\AppData\Local\Temp
TEMP=C:\Users\user\AppData\Local\Temp



---------------  S Y S T E M  ---------------

OS: Windows 10 , 64 bit Build 19041 (10.0.19041.5915)
OS uptime: 11 days 22:56 hours

CPU:total 4 (initial active 4) (2 cores per cpu, 2 threads per core) family 6 model 126 stepping 5 microcode 0xa0, cmov, cx8, fxsr, mmx, sse, sse2, sse3, ssse3, sse4.1, sse4.2, popcnt, avx, avx2, aes, clmul, erms, 3dnowpref, lzcnt, ht, tsc, tscinvbit, bmi1, bmi2, adx, evex, sha, fma

Memory: 4k page, system-wide physical 7973M (525M free)
TotalPageFile size 10021M (AvailPageFile size 3M)
current process WorkingSet (physical memory assigned to process): 470M, peak: 490M
current process commit charge ("private bytes"): 511M, peak: 531M

vm_info: OpenJDK 64-Bit Server VM (11.0.28+6-LTS) for windows-amd64 JRE (11.0.28+6-LTS), built on Jul  8 2025 18:31:33 by "Administrator" with MS VC++ 16.10 / 16.11 (VS2019)

END.
